#
# There is insufficient memory for the Java Runtime Environment to continue.
# Native memory allocation (mmap) failed to map 65536 bytes. Error detail: Failed to commit metaspace.
# Possible reasons:
#   The system is out of physical RAM or swap space
#   This process is running with CompressedOops enabled, and the Java Heap may be blocking the growth of the native heap
# Possible solutions:
#   Reduce memory load on the system
#   Increase physical memory or swap space
#   Check if swap backing store is full
#   Decrease Java heap size (-Xmx/-Xms)
#   Decrease number of Java threads
#   Decrease Java thread stack sizes (-Xss)
#   Set larger code cache with -XX:ReservedCodeCacheSize=
#   JVM is running with Zero Based Compressed Oops mode in which the Java heap is
#     placed in the first 32GB address space. The Java Heap base address is the
#     maximum limit for the native heap growth. Please use -XX:HeapBaseMinAddress
#     to set the Java Heap base and to place the Java Heap above 32GB virtual address.
# This output file may be truncated or incomplete.
#
#  Out of Memory Error (virtualSpaceNode.cpp:113), pid=19052, tid=18872
#
# JRE version: Java(TM) SE Runtime Environment (24.0.2+12) (build 24.0.2+12-54)
# Java VM: Java HotSpot(TM) 64-Bit Server VM (24.0.2+12-54, mixed mode, sharing, tiered, compressed oops, compressed class ptrs, g1 gc, windows-amd64)
# No core dump will be written. Minidumps are not enabled by default on client versions of Windows
#

---------------  S U M M A R Y ------------

Command Line: -Dfile.encoding=UTF-8 --module-path=C:\Users\Administrator\Documents\NetBeansProjects\RiddleMeThis\build\classes oop.Rules

Host: AMD Ryzen 5 5600G with Radeon Graphics         , 12 cores, 13G,  Windows 10 , 64 bit Build 19041 (10.0.19041.5198)
Time: Mon Nov 17 20:07:30 2025 Bangladesh Standard Time elapsed time: 0.184601 seconds (0d 0h 0m 0s)

---------------  T H R E A D  ---------------

Current thread (0x0000018714c09f40):  JavaThread "main"             [_thread_in_vm, id=18872, stack(0x000000745fe00000,0x000000745ff00000) (1024K)]

Stack: [0x000000745fe00000,0x000000745ff00000]
Native frames: (J=compiled Java code, j=interpreted, Vv=VM code, C=native code)
V  [jvm.dll+0x730829]  (no source info available)
V  [jvm.dll+0x8d9da3]  (no source info available)
V  [jvm.dll+0x8dc28d]  (no source info available)
V  [jvm.dll+0x8dc903]  (no source info available)
V  [jvm.dll+0x2a9f56]  (no source info available)
V  [jvm.dll+0x8d595e]  (no source info available)
V  [jvm.dll+0x6cce45]  (no source info available)
V  [jvm.dll+0x6cceaa]  (no source info available)
V  [jvm.dll+0x6cf8c0]  (no source info available)
V  [jvm.dll+0x6cf627]  (no source info available)
V  [jvm.dll+0x24c68c]  (no source info available)
V  [jvm.dll+0x6cd868]  (no source info available)
V  [jvm.dll+0x28fca4]  (no source info available)
V  [jvm.dll+0x23ac5d]  (no source info available)
V  [jvm.dll+0x23affa]  (no source info available)
V  [jvm.dll+0x23b9e4]  (no source info available)
V  [jvm.dll+0x2314d4]  (no source info available)
V  [jvm.dll+0x5fffa3]  (no source info available)
V  [jvm.dll+0x24384d]  (no source info available)
V  [jvm.dll+0x84a93e]  (no source info available)
V  [jvm.dll+0x84baf8]  (no source info available)
V  [jvm.dll+0x84c043]  (no source info available)
V  [jvm.dll+0x84bd86]  (no source info available)
V  [jvm.dll+0x293a48]  (no source info available)
V  [jvm.dll+0x293c76]  (no source info available)
V  [jvm.dll+0x628127]  (no source info available)
V  [jvm.dll+0x62b4c6]  (no source info available)
V  [jvm.dll+0x416812]  (no source info available)
V  [jvm.dll+0x415ed6]  (no source info available)
C  0x0000018726cf9131  (no source info available)

The last pc belongs to invokestatic (printed below).
Java frames: (J=compiled Java code, j=interpreted, Vv=VM code)
j  javax.swing.JPanel.updateUI()V+2 java.desktop@24.0.2
j  javax.swing.JPanel.<init>(Ljava/awt/LayoutManager;Z)V+24 java.desktop@24.0.2
j  javax.swing.JPanel.<init>(Z)V+9 java.desktop@24.0.2
j  javax.swing.JPanel.<init>()V+2 java.desktop@24.0.2
j  javax.swing.JRootPane.createGlassPane()Ljava/awt/Component;+4 java.desktop@24.0.2
j  javax.swing.JRootPane.<init>()V+11 java.desktop@24.0.2
j  javax.swing.JFrame.createRootPane()Ljavax/swing/JRootPane;+4 java.desktop@24.0.2
j  javax.swing.JFrame.frameInit()V+16 java.desktop@24.0.2
j  javax.swing.JFrame.<init>()V+20 java.desktop@24.0.2
j  oop.Rules.<init>(Ljava/lang/String;)V+1
j  oop.Rules.main([Ljava/lang/String;)V+6
v  ~StubRoutines::call_stub 0x0000018726ce0fcd
Lock stack of current Java thread (top to bottom):

invokestatic  184 invokestatic  [0x0000018726cf9080, 0x0000018726cf9360]  736 bytes
[MachCode]
  0x0000018726cf9080: 4883 ec08 | c5fa 1104 | 24eb 1f48 | 83ec 10c5 | fb11 0424 | eb14 4883 | ec10 4889 | 0424 48c7 
  0x0000018726cf90a0: 4424 0800 | 0000 00eb | 0150 488b | 4dd0 410f | b755 0148 | 8b49 386b | d218 488d | 4c11 080f 
  0x0000018726cf90c0: b659 1681 | fbb8 0000 | 000f 84bd | 0000 00bb | b800 0000 | e805 0000 | 00e9 9900 | 0000 488b 
  0x0000018726cf90e0: d348 8d44 | 2408 4c89 | 6dc0 498b | cfc5 f877 | 4989 afb8 | 0300 0049 | 8987 a803 | 0000 4883 
  0x0000018726cf9100: ec20 40f6 | c40f 0f84 | 1900 0000 | 4883 ec08 | 48b8 505d | 34f1 fc7f | 0000 ffd0 | 4883 c408 
  0x0000018726cf9120: e90c 0000 | 0048 b850 | 5d34 f1fc | 7f00 00ff | d048 83c4 | 2049 c787 | a803 0000 | 0000 0000 
  0x0000018726cf9140: 49c7 87b8 | 0300 0000 | 0000 0049 | c787 b003 | 0000 0000 | 0000 c5f8 | 7749 837f | 0800 0f84 
  0x0000018726cf9160: 0500 0000 | e957 7dfe | ff4c 8b6d | c04c 8b75 | c84e 8d74 | f500 c348 | 8b4d d041 | 0fb7 5501 
  0x0000018726cf9180: 488b 4938 | 6bd2 1848 | 8d4c 1108 | 488b 1948 | 8b5b 0848 | 8b5b 0848 | 8b5b 1880 | bb40 0100 
  0x0000018726cf91a0: 0004 0f84 | 0d00 0000 | 4c3b bb48 | 0100 000f | 851a ffff | ff0f b651 | 1548 8b19 | 4c89 6dc0 
  0x0000018726cf91c0: 448b ea0f | b651 1449 | ba80 48c0 | f1fc 7f00 | 0049 8b14 | d252 418b | d54c 8b6d | c048 8b45 
  0x0000018726cf91e0: d848 85c0 | 0f84 1200 | 0000 4883 | 4008 0148 | 8358 0800 | 4883 c010 | 4889 45d8 | 488b 45d8 
  0x0000018726cf9200: 4885 c00f | 843d 0100 | 0080 78f0 | 0a0f 8533 | 0100 0048 | 83c0 084c | 8b68 f841 | 83ed 0041 
  0x0000018726cf9220: 83fd 020f | 8c12 0100 | 004c 8b6b | 0845 0fb7 | 6d2e 4c2b | 2841 83ed | 014e 8b6c | ec08 4d85 
  0x0000018726cf9240: ed75 0ef6 | 4008 0175 | 58f0 4883 | 4808 01eb | 5045 8b6d | 0849 ba00 | 0000 3687 | 0100 004d 
  0x0000018726cf9260: 03ea 4d8b | d54c 3368 | 0849 f7c5 | fcff ffff | 742f 41f6 | c502 7529 | 4883 7808 | 0074 1e48 
  0x0000018726cf9280: 8378 0801 | 7417 4d8b | ea4c 3368 | 0849 f7c5 | fcff ffff | 740b 4883 | 4808 02eb | 044c 8968 
  0x0000018726cf92a0: 0848 83c0 | 104c 8b68 | e841 83ed | 0241 83fd | 020f 8c84 | 0000 004c | 8b6b 0845 | 0fb7 6d2e 
  0x0000018726cf92c0: 4c2b 2841 | 83ed 014e | 8b6c ec08 | 4d85 ed75 | 0ef6 4008 | 0175 58f0 | 4883 4808 | 01eb 5045 
  0x0000018726cf92e0: 8b6d 0849 | ba00 0000 | 3687 0100 | 004d 03ea | 4d8b d54c | 3368 0849 | f7c5 fcff | ffff 742f 
  0x0000018726cf9300: 41f6 c502 | 7529 4883 | 7808 0074 | 1e48 8378 | 0801 7417 | 4d8b ea4c | 3368 0849 | f7c5 fcff 
  0x0000018726cf9320: ffff 740b | 4883 4808 | 02eb 044c | 8968 0848 | 83c0 104c | 8b68 d841 | 83ed 0441 | c1e5 0349 
  0x0000018726cf9340: 03c5 4889 | 45d8 4c8d | 6c24 0849 | 8bcd 482b | cd48 c1f9 | 0348 894d | f0ff 6350 | 0f1f 4000 
[/MachCode]

---------------  P R O C E S S  ---------------

Threads class SMR info:
_java_thread_list=0x000001877b215cb0, length=14, elements={
0x0000018714c09f40, 0x0000018735e9f8b0, 0x0000018735ea04b0, 0x0000018735ea5920,
0x0000018735ea6450, 0x0000018735ea8c00, 0x0000018735ea9ed0, 0x0000018735ead190,
0x0000018735eadd20, 0x000001877b08ac70, 0x000001877b195580, 0x000001877b202e60,
0x000001877b2035a0, 0x000001877b951f80
}

Java Threads: ( => current thread )
=>0x0000018714c09f40 JavaThread "main"                              [_thread_in_vm, id=18872, stack(0x000000745fe00000,0x000000745ff00000) (1024K)]
  0x0000018735e9f8b0 JavaThread "Reference Handler"          daemon [_thread_blocked, id=19372, stack(0x0000007460600000,0x0000007460700000) (1024K)]
  0x0000018735ea04b0 JavaThread "Finalizer"                  daemon [_thread_blocked, id=19420, stack(0x0000007460700000,0x0000007460800000) (1024K)]
  0x0000018735ea5920 JavaThread "Signal Dispatcher"          daemon [_thread_blocked, id=19360, stack(0x0000007460800000,0x0000007460900000) (1024K)]
  0x0000018735ea6450 JavaThread "Attach Listener"            daemon [_thread_blocked, id=19404, stack(0x0000007460900000,0x0000007460a00000) (1024K)]
  0x0000018735ea8c00 JavaThread "Service Thread"             daemon [_thread_blocked, id=19388, stack(0x0000007460a00000,0x0000007460b00000) (1024K)]
  0x0000018735ea9ed0 JavaThread "Monitor Deflation Thread"   daemon [_thread_blocked, id=17000, stack(0x0000007460b00000,0x0000007460c00000) (1024K)]
  0x0000018735ead190 JavaThread "C2 CompilerThread0"         daemon [_thread_blocked, id=19436, stack(0x0000007460c00000,0x0000007460d00000) (1024K)]
  0x0000018735eadd20 JavaThread "C1 CompilerThread0"         daemon [_thread_blocked, id=19424, stack(0x0000007460d00000,0x0000007460e00000) (1024K)]
  0x000001877b08ac70 JavaThread "Common-Cleaner"             daemon [_thread_blocked, id=15256, stack(0x0000007460e00000,0x0000007460f00000) (1024K)]
  0x000001877b195580 JavaThread "Notification Thread"        daemon [_thread_blocked, id=19108, stack(0x0000007460f00000,0x0000007461000000) (1024K)]
  0x000001877b202e60 JavaThread "Java2D Disposer"            daemon [_thread_blocked, id=18844, stack(0x0000007461000000,0x0000007461100000) (1024K)]
  0x000001877b2035a0 JavaThread "AWT-Shutdown"                      [_thread_blocked, id=19144, stack(0x0000007461100000,0x0000007461200000) (1024K)]
  0x000001877b951f80 JavaThread "AWT-Windows"                daemon [_thread_in_native, id=11004, stack(0x0000007461200000,0x0000007461300000) (1024K)]
Total: 14

Other Threads:
  0x0000018735e8f5c0 VMThread "VM Thread"                           [id=19324, stack(0x0000007460500000,0x0000007460600000) (1024K)]
  0x0000018735e81580 WatcherThread "VM Periodic Task Thread"        [id=19408, stack(0x0000007460400000,0x0000007460500000) (1024K)]
  0x0000018716f5d4f0 WorkerThread "GC Thread#0"                     [id=19364, stack(0x000000745ff00000,0x0000007460000000) (1024K)]
  0x0000018716f6fbf0 ConcurrentGCThread "G1 Main Marker"            [id=1360, stack(0x0000007460000000,0x0000007460100000) (1024K)]
  0x0000018716f70ea0 WorkerThread "G1 Conc#0"                       [id=19376, stack(0x0000007460100000,0x0000007460200000) (1024K)]
  0x0000018716fce570 ConcurrentGCThread "G1 Refine#0"               [id=400, stack(0x0000007460200000,0x0000007460300000) (1024K)]
  0x0000018735d552e0 ConcurrentGCThread "G1 Service"                [id=19432, stack(0x0000007460300000,0x0000007460400000) (1024K)]
Total: 7

Threads with active compile tasks:
Total: 0

VM state: not at safepoint (normal execution)

VM Mutex/Monitor currently owned by a thread:  ([mutex/lock_event])
[0x00007ffcf1bf24f0] Metaspace_lock - owner thread: 0x0000018714c09f40

Heap address: 0x0000000722400000, size: 3548 MB, Compressed Oops mode: Zero based, Oop shift amount: 3

CDS archive(s) mapped at: [0x0000018736000000-0x0000018736d40000-0x0000018736d40000), size 13893632, SharedBaseAddress: 0x0000018736000000, ArchiveRelocationMode: 1.
Compressed class space mapped at: 0x0000018737000000-0x0000018777000000, reserved size: 1073741824
UseCompressedClassPointers 1, UseCompactObjectHeaders 0
Narrow klass pointer bits 32, Max shift 3
Narrow klass base: 0x0000018736000000, Narrow klass shift: 0
Encoding Range: [0x0000018736000000 - 0x0000018836000000), (4294967296 bytes)
Klass Range:    [0x0000018736000000 - 0x0000018777000000), (1090519040 bytes)
Klass ID Range:  [8 - 1090519033) (1090519025)

GC Precious Log:
 CardTable entry size: 512
 Card Set container configuration: InlinePtr #cards 4 size 8 Array Of Cards #cards 16 size 48 Howl #buckets 8 coarsen threshold 3686 Howl Bitmap #cards 512 size 80 coarsen threshold 460 Card regions per heap region 1 cards per card region 4096
 CPUs: 12 total, 12 available
 Memory: 14186M
 Large Page Support: Disabled
 NUMA Support: Disabled
 Compressed Oops: Enabled (Zero based)
 Heap Region Size: 2M
 Heap Min Capacity: 8M
 Heap Initial Capacity: 222M
 Heap Max Capacity: 3548M
 Pre-touch: Disabled
 Parallel Workers: 10
 Concurrent Workers: 3
 Concurrent Refinement Workers: 10
 Periodic GC: Disabled

Heap:
 garbage-first heap   total reserved 3633152K, committed 229376K, used 5236K [0x0000000722400000, 0x0000000800000000)
  region size 2048K, 3 young (6144K), 0 survivors (0K)
 Metaspace       used 3120K, committed 3264K, reserved 1114112K
  class space    used 213K, committed 320K, reserved 1048576K

Heap Regions: E=young(eden), S=young(survivor), O=old, HS=humongous(starts), HC=humongous(continues), CS=collection set, F=free, TAMS=top-at-mark-start, PB=parsable bottom
|   0|0x0000000722400000, 0x0000000722400000, 0x0000000722600000|  0%| F|  |TAMS 0x0000000722400000| PB 0x0000000722400000| Untracked |  0
|   1|0x0000000722600000, 0x0000000722600000, 0x0000000722800000|  0%| F|  |TAMS 0x0000000722600000| PB 0x0000000722600000| Untracked |  0
|   2|0x0000000722800000, 0x0000000722800000, 0x0000000722a00000|  0%| F|  |TAMS 0x0000000722800000| PB 0x0000000722800000| Untracked |  0
|   3|0x0000000722a00000, 0x0000000722a00000, 0x0000000722c00000|  0%| F|  |TAMS 0x0000000722a00000| PB 0x0000000722a00000| Untracked |  0
|   4|0x0000000722c00000, 0x0000000722c00000, 0x0000000722e00000|  0%| F|  |TAMS 0x0000000722c00000| PB 0x0000000722c00000| Untracked |  0
|   5|0x0000000722e00000, 0x0000000722e00000, 0x0000000723000000|  0%| F|  |TAMS 0x0000000722e00000| PB 0x0000000722e00000| Untracked |  0
|   6|0x0000000723000000, 0x0000000723000000, 0x0000000723200000|  0%| F|  |TAMS 0x0000000723000000| PB 0x0000000723000000| Untracked |  0
|   7|0x0000000723200000, 0x0000000723200000, 0x0000000723400000|  0%| F|  |TAMS 0x0000000723200000| PB 0x0000000723200000| Untracked |  0
|   8|0x0000000723400000, 0x0000000723400000, 0x0000000723600000|  0%| F|  |TAMS 0x0000000723400000| PB 0x0000000723400000| Untracked |  0
|   9|0x0000000723600000, 0x0000000723600000, 0x0000000723800000|  0%| F|  |TAMS 0x0000000723600000| PB 0x0000000723600000| Untracked |  0
|  10|0x0000000723800000, 0x0000000723800000, 0x0000000723a00000|  0%| F|  |TAMS 0x0000000723800000| PB 0x0000000723800000| Untracked |  0
|  11|0x0000000723a00000, 0x0000000723a00000, 0x0000000723c00000|  0%| F|  |TAMS 0x0000000723a00000| PB 0x0000000723a00000| Untracked |  0
|  12|0x0000000723c00000, 0x0000000723c00000, 0x0000000723e00000|  0%| F|  |TAMS 0x0000000723c00000| PB 0x0000000723c00000| Untracked |  0
|  13|0x0000000723e00000, 0x0000000723e00000, 0x0000000724000000|  0%| F|  |TAMS 0x0000000723e00000| PB 0x0000000723e00000| Untracked |  0
|  14|0x0000000724000000, 0x0000000724000000, 0x0000000724200000|  0%| F|  |TAMS 0x0000000724000000| PB 0x0000000724000000| Untracked |  0
|  15|0x0000000724200000, 0x0000000724200000, 0x0000000724400000|  0%| F|  |TAMS 0x0000000724200000| PB 0x0000000724200000| Untracked |  0
|  16|0x0000000724400000, 0x0000000724400000, 0x0000000724600000|  0%| F|  |TAMS 0x0000000724400000| PB 0x0000000724400000| Untracked |  0
|  17|0x0000000724600000, 0x0000000724600000, 0x0000000724800000|  0%| F|  |TAMS 0x0000000724600000| PB 0x0000000724600000| Untracked |  0
|  18|0x0000000724800000, 0x0000000724800000, 0x0000000724a00000|  0%| F|  |TAMS 0x0000000724800000| PB 0x0000000724800000| Untracked |  0
|  19|0x0000000724a00000, 0x0000000724a00000, 0x0000000724c00000|  0%| F|  |TAMS 0x0000000724a00000| PB 0x0000000724a00000| Untracked |  0
|  20|0x0000000724c00000, 0x0000000724c00000, 0x0000000724e00000|  0%| F|  |TAMS 0x0000000724c00000| PB 0x0000000724c00000| Untracked |  0
|  21|0x0000000724e00000, 0x0000000724e00000, 0x0000000725000000|  0%| F|  |TAMS 0x0000000724e00000| PB 0x0000000724e00000| Untracked |  0
|  22|0x0000000725000000, 0x0000000725000000, 0x0000000725200000|  0%| F|  |TAMS 0x0000000725000000| PB 0x0000000725000000| Untracked |  0
|  23|0x0000000725200000, 0x0000000725200000, 0x0000000725400000|  0%| F|  |TAMS 0x0000000725200000| PB 0x0000000725200000| Untracked |  0
|  24|0x0000000725400000, 0x0000000725400000, 0x0000000725600000|  0%| F|  |TAMS 0x0000000725400000| PB 0x0000000725400000| Untracked |  0
|  25|0x0000000725600000, 0x0000000725600000, 0x0000000725800000|  0%| F|  |TAMS 0x0000000725600000| PB 0x0000000725600000| Untracked |  0
|  26|0x0000000725800000, 0x0000000725800000, 0x0000000725a00000|  0%| F|  |TAMS 0x0000000725800000| PB 0x0000000725800000| Untracked |  0
|  27|0x0000000725a00000, 0x0000000725a00000, 0x0000000725c00000|  0%| F|  |TAMS 0x0000000725a00000| PB 0x0000000725a00000| Untracked |  0
|  28|0x0000000725c00000, 0x0000000725c00000, 0x0000000725e00000|  0%| F|  |TAMS 0x0000000725c00000| PB 0x0000000725c00000| Untracked |  0
|  29|0x0000000725e00000, 0x0000000725e00000, 0x0000000726000000|  0%| F|  |TAMS 0x0000000725e00000| PB 0x0000000725e00000| Untracked |  0
|  30|0x0000000726000000, 0x0000000726000000, 0x0000000726200000|  0%| F|  |TAMS 0x0000000726000000| PB 0x0000000726000000| Untracked |  0
|  31|0x0000000726200000, 0x0000000726200000, 0x0000000726400000|  0%| F|  |TAMS 0x0000000726200000| PB 0x0000000726200000| Untracked |  0
|  32|0x0000000726400000, 0x0000000726400000, 0x0000000726600000|  0%| F|  |TAMS 0x0000000726400000| PB 0x0000000726400000| Untracked |  0
|  33|0x0000000726600000, 0x0000000726600000, 0x0000000726800000|  0%| F|  |TAMS 0x0000000726600000| PB 0x0000000726600000| Untracked |  0
|  34|0x0000000726800000, 0x0000000726800000, 0x0000000726a00000|  0%| F|  |TAMS 0x0000000726800000| PB 0x0000000726800000| Untracked |  0
|  35|0x0000000726a00000, 0x0000000726a00000, 0x0000000726c00000|  0%| F|  |TAMS 0x0000000726a00000| PB 0x0000000726a00000| Untracked |  0
|  36|0x0000000726c00000, 0x0000000726c00000, 0x0000000726e00000|  0%| F|  |TAMS 0x0000000726c00000| PB 0x0000000726c00000| Untracked |  0
|  37|0x0000000726e00000, 0x0000000726e00000, 0x0000000727000000|  0%| F|  |TAMS 0x0000000726e00000| PB 0x0000000726e00000| Untracked |  0
|  38|0x0000000727000000, 0x0000000727000000, 0x0000000727200000|  0%| F|  |TAMS 0x0000000727000000| PB 0x0000000727000000| Untracked |  0
|  39|0x0000000727200000, 0x0000000727200000, 0x0000000727400000|  0%| F|  |TAMS 0x0000000727200000| PB 0x0000000727200000| Untracked |  0
|  40|0x0000000727400000, 0x0000000727400000, 0x0000000727600000|  0%| F|  |TAMS 0x0000000727400000| PB 0x0000000727400000| Untracked |  0
|  41|0x0000000727600000, 0x0000000727600000, 0x0000000727800000|  0%| F|  |TAMS 0x0000000727600000| PB 0x0000000727600000| Untracked |  0
|  42|0x0000000727800000, 0x0000000727800000, 0x0000000727a00000|  0%| F|  |TAMS 0x0000000727800000| PB 0x0000000727800000| Untracked |  0
|  43|0x0000000727a00000, 0x0000000727a00000, 0x0000000727c00000|  0%| F|  |TAMS 0x0000000727a00000| PB 0x0000000727a00000| Untracked |  0
|  44|0x0000000727c00000, 0x0000000727c00000, 0x0000000727e00000|  0%| F|  |TAMS 0x0000000727c00000| PB 0x0000000727c00000| Untracked |  0
|  45|0x0000000727e00000, 0x0000000727e00000, 0x0000000728000000|  0%| F|  |TAMS 0x0000000727e00000| PB 0x0000000727e00000| Untracked |  0
|  46|0x0000000728000000, 0x0000000728000000, 0x0000000728200000|  0%| F|  |TAMS 0x0000000728000000| PB 0x0000000728000000| Untracked |  0
|  47|0x0000000728200000, 0x0000000728200000, 0x0000000728400000|  0%| F|  |TAMS 0x0000000728200000| PB 0x0000000728200000| Untracked |  0
|  48|0x0000000728400000, 0x0000000728400000, 0x0000000728600000|  0%| F|  |TAMS 0x0000000728400000| PB 0x0000000728400000| Untracked |  0
|  49|0x0000000728600000, 0x0000000728600000, 0x0000000728800000|  0%| F|  |TAMS 0x0000000728600000| PB 0x0000000728600000| Untracked |  0
|  50|0x0000000728800000, 0x0000000728800000, 0x0000000728a00000|  0%| F|  |TAMS 0x0000000728800000| PB 0x0000000728800000| Untracked |  0
|  51|0x0000000728a00000, 0x0000000728a00000, 0x0000000728c00000|  0%| F|  |TAMS 0x0000000728a00000| PB 0x0000000728a00000| Untracked |  0
|  52|0x0000000728c00000, 0x0000000728c00000, 0x0000000728e00000|  0%| F|  |TAMS 0x0000000728c00000| PB 0x0000000728c00000| Untracked |  0
|  53|0x0000000728e00000, 0x0000000728e00000, 0x0000000729000000|  0%| F|  |TAMS 0x0000000728e00000| PB 0x0000000728e00000| Untracked |  0
|  54|0x0000000729000000, 0x0000000729000000, 0x0000000729200000|  0%| F|  |TAMS 0x0000000729000000| PB 0x0000000729000000| Untracked |  0
|  55|0x0000000729200000, 0x0000000729200000, 0x0000000729400000|  0%| F|  |TAMS 0x0000000729200000| PB 0x0000000729200000| Untracked |  0
|  56|0x0000000729400000, 0x0000000729400000, 0x0000000729600000|  0%| F|  |TAMS 0x0000000729400000| PB 0x0000000729400000| Untracked |  0
|  57|0x0000000729600000, 0x0000000729600000, 0x0000000729800000|  0%| F|  |TAMS 0x0000000729600000| PB 0x0000000729600000| Untracked |  0
|  58|0x0000000729800000, 0x0000000729800000, 0x0000000729a00000|  0%| F|  |TAMS 0x0000000729800000| PB 0x0000000729800000| Untracked |  0
|  59|0x0000000729a00000, 0x0000000729a00000, 0x0000000729c00000|  0%| F|  |TAMS 0x0000000729a00000| PB 0x0000000729a00000| Untracked |  0
|  60|0x0000000729c00000, 0x0000000729c00000, 0x0000000729e00000|  0%| F|  |TAMS 0x0000000729c00000| PB 0x0000000729c00000| Untracked |  0
|  61|0x0000000729e00000, 0x0000000729e00000, 0x000000072a000000|  0%| F|  |TAMS 0x0000000729e00000| PB 0x0000000729e00000| Untracked |  0
|  62|0x000000072a000000, 0x000000072a000000, 0x000000072a200000|  0%| F|  |TAMS 0x000000072a000000| PB 0x000000072a000000| Untracked |  0
|  63|0x000000072a200000, 0x000000072a200000, 0x000000072a400000|  0%| F|  |TAMS 0x000000072a200000| PB 0x000000072a200000| Untracked |  0
|  64|0x000000072a400000, 0x000000072a400000, 0x000000072a600000|  0%| F|  |TAMS 0x000000072a400000| PB 0x000000072a400000| Untracked |  0
|  65|0x000000072a600000, 0x000000072a600000, 0x000000072a800000|  0%| F|  |TAMS 0x000000072a600000| PB 0x000000072a600000| Untracked |  0
|  66|0x000000072a800000, 0x000000072a800000, 0x000000072aa00000|  0%| F|  |TAMS 0x000000072a800000| PB 0x000000072a800000| Untracked |  0
|  67|0x000000072aa00000, 0x000000072aa00000, 0x000000072ac00000|  0%| F|  |TAMS 0x000000072aa00000| PB 0x000000072aa00000| Untracked |  0
|  68|0x000000072ac00000, 0x000000072ac00000, 0x000000072ae00000|  0%| F|  |TAMS 0x000000072ac00000| PB 0x000000072ac00000| Untracked |  0
|  69|0x000000072ae00000, 0x000000072ae00000, 0x000000072b000000|  0%| F|  |TAMS 0x000000072ae00000| PB 0x000000072ae00000| Untracked |  0
|  70|0x000000072b000000, 0x000000072b000000, 0x000000072b200000|  0%| F|  |TAMS 0x000000072b000000| PB 0x000000072b000000| Untracked |  0
|  71|0x000000072b200000, 0x000000072b200000, 0x000000072b400000|  0%| F|  |TAMS 0x000000072b200000| PB 0x000000072b200000| Untracked |  0
|  72|0x000000072b400000, 0x000000072b400000, 0x000000072b600000|  0%| F|  |TAMS 0x000000072b400000| PB 0x000000072b400000| Untracked |  0
|  73|0x000000072b600000, 0x000000072b600000, 0x000000072b800000|  0%| F|  |TAMS 0x000000072b600000| PB 0x000000072b600000| Untracked |  0
|  74|0x000000072b800000, 0x000000072b800000, 0x000000072ba00000|  0%| F|  |TAMS 0x000000072b800000| PB 0x000000072b800000| Untracked |  0
|  75|0x000000072ba00000, 0x000000072ba00000, 0x000000072bc00000|  0%| F|  |TAMS 0x000000072ba00000| PB 0x000000072ba00000| Untracked |  0
|  76|0x000000072bc00000, 0x000000072bc00000, 0x000000072be00000|  0%| F|  |TAMS 0x000000072bc00000| PB 0x000000072bc00000| Untracked |  0
|  77|0x000000072be00000, 0x000000072be00000, 0x000000072c000000|  0%| F|  |TAMS 0x000000072be00000| PB 0x000000072be00000| Untracked |  0
|  78|0x000000072c000000, 0x000000072c000000, 0x000000072c200000|  0%| F|  |TAMS 0x000000072c000000| PB 0x000000072c000000| Untracked |  0
|  79|0x000000072c200000, 0x000000072c200000, 0x000000072c400000|  0%| F|  |TAMS 0x000000072c200000| PB 0x000000072c200000| Untracked |  0
|  80|0x000000072c400000, 0x000000072c400000, 0x000000072c600000|  0%| F|  |TAMS 0x000000072c400000| PB 0x000000072c400000| Untracked |  0
|  81|0x000000072c600000, 0x000000072c600000, 0x000000072c800000|  0%| F|  |TAMS 0x000000072c600000| PB 0x000000072c600000| Untracked |  0
|  82|0x000000072c800000, 0x000000072c800000, 0x000000072ca00000|  0%| F|  |TAMS 0x000000072c800000| PB 0x000000072c800000| Untracked |  0
|  83|0x000000072ca00000, 0x000000072ca00000, 0x000000072cc00000|  0%| F|  |TAMS 0x000000072ca00000| PB 0x000000072ca00000| Untracked |  0
|  84|0x000000072cc00000, 0x000000072cc00000, 0x000000072ce00000|  0%| F|  |TAMS 0x000000072cc00000| PB 0x000000072cc00000| Untracked |  0
|  85|0x000000072ce00000, 0x000000072ce00000, 0x000000072d000000|  0%| F|  |TAMS 0x000000072ce00000| PB 0x000000072ce00000| Untracked |  0
|  86|0x000000072d000000, 0x000000072d000000, 0x000000072d200000|  0%| F|  |TAMS 0x000000072d000000| PB 0x000000072d000000| Untracked |  0
|  87|0x000000072d200000, 0x000000072d200000, 0x000000072d400000|  0%| F|  |TAMS 0x000000072d200000| PB 0x000000072d200000| Untracked |  0
|  88|0x000000072d400000, 0x000000072d400000, 0x000000072d600000|  0%| F|  |TAMS 0x000000072d400000| PB 0x000000072d400000| Untracked |  0
|  89|0x000000072d600000, 0x000000072d600000, 0x000000072d800000|  0%| F|  |TAMS 0x000000072d600000| PB 0x000000072d600000| Untracked |  0
|  90|0x000000072d800000, 0x000000072d800000, 0x000000072da00000|  0%| F|  |TAMS 0x000000072d800000| PB 0x000000072d800000| Untracked |  0
|  91|0x000000072da00000, 0x000000072da00000, 0x000000072dc00000|  0%| F|  |TAMS 0x000000072da00000| PB 0x000000072da00000| Untracked |  0
|  92|0x000000072dc00000, 0x000000072dc00000, 0x000000072de00000|  0%| F|  |TAMS 0x000000072dc00000| PB 0x000000072dc00000| Untracked |  0
|  93|0x000000072de00000, 0x000000072de00000, 0x000000072e000000|  0%| F|  |TAMS 0x000000072de00000| PB 0x000000072de00000| Untracked |  0
|  94|0x000000072e000000, 0x000000072e000000, 0x000000072e200000|  0%| F|  |TAMS 0x000000072e000000| PB 0x000000072e000000| Untracked |  0
|  95|0x000000072e200000, 0x000000072e200000, 0x000000072e400000|  0%| F|  |TAMS 0x000000072e200000| PB 0x000000072e200000| Untracked |  0
|  96|0x000000072e400000, 0x000000072e400000, 0x000000072e600000|  0%| F|  |TAMS 0x000000072e400000| PB 0x000000072e400000| Untracked |  0
|  97|0x000000072e600000, 0x000000072e600000, 0x000000072e800000|  0%| F|  |TAMS 0x000000072e600000| PB 0x000000072e600000| Untracked |  0
|  98|0x000000072e800000, 0x000000072e800000, 0x000000072ea00000|  0%| F|  |TAMS 0x000000072e800000| PB 0x000000072e800000| Untracked |  0
|  99|0x000000072ea00000, 0x000000072ea00000, 0x000000072ec00000|  0%| F|  |TAMS 0x000000072ea00000| PB 0x000000072ea00000| Untracked |  0
| 100|0x000000072ec00000, 0x000000072ec00000, 0x000000072ee00000|  0%| F|  |TAMS 0x000000072ec00000| PB 0x000000072ec00000| Untracked |  0
| 101|0x000000072ee00000, 0x000000072ee00000, 0x000000072f000000|  0%| F|  |TAMS 0x000000072ee00000| PB 0x000000072ee00000| Untracked |  0
| 102|0x000000072f000000, 0x000000072f000000, 0x000000072f200000|  0%| F|  |TAMS 0x000000072f000000| PB 0x000000072f000000| Untracked |  0
| 103|0x000000072f200000, 0x000000072f200000, 0x000000072f400000|  0%| F|  |TAMS 0x000000072f200000| PB 0x000000072f200000| Untracked |  0
| 104|0x000000072f400000, 0x000000072f400000, 0x000000072f600000|  0%| F|  |TAMS 0x000000072f400000| PB 0x000000072f400000| Untracked |  0
| 105|0x000000072f600000, 0x000000072f600000, 0x000000072f800000|  0%| F|  |TAMS 0x000000072f600000| PB 0x000000072f600000| Untracked |  0
| 106|0x000000072f800000, 0x000000072f800000, 0x000000072fa00000|  0%| F|  |TAMS 0x000000072f800000| PB 0x000000072f800000| Untracked |  0
| 107|0x000000072fa00000, 0x000000072fa00000, 0x000000072fc00000|  0%| F|  |TAMS 0x000000072fa00000| PB 0x000000072fa00000| Untracked |  0
| 108|0x000000072fc00000, 0x000000072fdef878, 0x000000072fe00000| 96%| E|  |TAMS 0x000000072fc00000| PB 0x000000072fc00000| Complete |  0
| 109|0x000000072fe00000, 0x0000000730000000, 0x0000000730000000|100%| E|CS|TAMS 0x000000072fe00000| PB 0x000000072fe00000| Complete |  0
| 110|0x0000000730000000, 0x0000000730200000, 0x0000000730200000|100%| E|CS|TAMS 0x0000000730000000| PB 0x0000000730000000| Complete |  0
|1773|0x00000007ffe00000, 0x00000007fff1d248, 0x0000000800000000| 55%| O|  |TAMS 0x00000007ffe00000| PB 0x00000007ffe00000| Untracked |  0

Card table byte_map: [0x000001872f3f0000,0x000001872fae0000] _byte_map_base: 0x000001872bade000

Marking Bits: (CMBitMap*) 0x0000018716f5dc00
 Bits: [0x000001872fae0000, 0x0000018733250000)

Polling page: 0x0000018714f10000

Metaspace:

Usage:
  Non-class:      2.84 MB used.
      Class:    213.85 KB used.
       Both:      3.05 MB used.

Virtual space:
  Non-class space:       64.00 MB reserved,       2.88 MB (  4%) committed,  1 nodes.
      Class space:        1.00 GB reserved,     320.00 KB ( <1%) committed,  1 nodes.
             Both:        1.06 GB reserved,       3.19 MB ( <1%) committed. 

Chunk freelists:
   Non-Class:  11.96 MB
       Class:  15.72 MB
        Both:  27.69 MB

MaxMetaspaceSize: unlimited
CompressedClassSpaceSize: 1.00 GB
Initial GC threshold: 21.00 MB
Current GC threshold: 21.00 MB
CDS: on
 - commit_granule_bytes: 65536.
 - commit_granule_words: 8192.
 - virtual_space_node_default_size: 8388608.
 - enlarge_chunks_in_place: 1.
UseCompressedClassPointers 1, UseCompactObjectHeaders 0
Narrow klass pointer bits 32, Max shift 3
Narrow klass base: 0x0000018736000000, Narrow klass shift: 0
Encoding Range: [0x0000018736000000 - 0x0000018836000000), (4294967296 bytes)
Klass Range:    [0x0000018736000000 - 0x0000018777000000), (1090519040 bytes)
Klass ID Range:  [8 - 1090519033) (1090519025)


Internal statistics:

num_allocs_failed_limit: 0.
num_arena_births: 38.
num_arena_deaths: 0.
num_vsnodes_births: 2.
num_vsnodes_deaths: 0.
num_space_committed: 51.
num_space_uncommitted: 0.
num_chunks_returned_to_freelist: 0.
num_chunks_taken_from_freelist: 42.
num_chunk_merges: 0.
num_chunk_splits: 28.
num_chunks_enlarged: 16.
num_inconsistent_stats: 0.

CodeHeap 'non-profiled nmethods': size=120064Kb used=115Kb max_used=115Kb free=119948Kb
 bounds [0x0000018727270000, 0x00000187274e0000, 0x000001872e7b0000]
CodeHeap 'profiled nmethods': size=120000Kb used=388Kb max_used=388Kb free=119611Kb
 bounds [0x000001871f7b0000, 0x000001871fa20000, 0x0000018726ce0000]
CodeHeap 'non-nmethods': size=5696Kb used=1312Kb max_used=1312Kb free=4383Kb
 bounds [0x0000018726ce0000, 0x0000018726f50000, 0x0000018727270000]
CodeCache: size=245760Kb, used=1815Kb, max_used=1815Kb, free=243942Kb
 total_blobs=821, nmethods=341, adapters=386, full_count=0
Compilation: enabled, stopped_count=0, restarted_count=0

Compilation events (20 events):
Event: 0.166 Thread 0x0000018735eadd20 nmethod 333 0x000001871f80e608 code [0x000001871f80e740, 0x000001871f80ec88]
Event: 0.166 Thread 0x0000018735eadd20  335   !   3       sun.invoke.util.VerifyAccess::ensureTypeVisible (99 bytes)
Event: 0.166 Thread 0x0000018735ead190 nmethod 324 0x000001872728c388 code [0x000001872728c480, 0x000001872728c620]
Event: 0.166 Thread 0x0000018735eadd20 nmethod 335 0x000001871f80ed08 code [0x000001871f80eec0, 0x000001871f80f918]
Event: 0.166 Thread 0x0000018735eadd20  332       3       java.lang.StringLatin1::newString (24 bytes)
Event: 0.166 Thread 0x0000018735eadd20 nmethod 332 0x000001871f80f988 code [0x000001871f80fac0, 0x000001871f80fdd0]
Event: 0.166 Thread 0x0000018735eadd20  337       3       jdk.internal.classfile.impl.Util::isDoubleSlot (20 bytes)
Event: 0.167 Thread 0x0000018735eadd20 nmethod 337 0x000001871f80fe08 code [0x000001871f80ff20, 0x000001871f810098]
Event: 0.167 Thread 0x0000018735eadd20  327       3       jdk.internal.classfile.impl.StackMapGenerator$Frame::pushStack (27 bytes)
Event: 0.167 Thread 0x0000018735eadd20 nmethod 327 0x000001871f810108 code [0x000001871f810240, 0x000001871f810538]
Event: 0.167 Thread 0x0000018735eadd20  326       1       java.lang.constant.ClassDesc::isPrimitive (2 bytes)
Event: 0.167 Thread 0x0000018735eadd20 nmethod 326 0x000001872728c688 code [0x000001872728c780, 0x000001872728c848]
Event: 0.167 Thread 0x0000018735eadd20  338       1       jdk.internal.classfile.impl.AbstractPoolEntry$NameAndTypeEntryImpl::tag (3 bytes)
Event: 0.167 Thread 0x0000018735eadd20 nmethod 338 0x000001872728c988 code [0x000001872728ca80, 0x000001872728cb48]
Event: 0.168 Thread 0x0000018735eadd20  339       3       java.lang.ref.WeakReference::<init> (7 bytes)
Event: 0.168 Thread 0x0000018735eadd20 nmethod 339 0x000001871f810588 code [0x000001871f8106c0, 0x000001871f810998]
Event: 0.179 Thread 0x0000018735eadd20  340       3       java.util.ImmutableCollections$List12::get (35 bytes)
Event: 0.179 Thread 0x0000018735eadd20 nmethod 340 0x000001871f810a08 code [0x000001871f810b40, 0x000001871f810dc8]
Event: 0.179 Thread 0x0000018735eadd20  341       3       java.lang.invoke.LambdaForm::uncustomize (57 bytes)
Event: 0.179 Thread 0x0000018735eadd20 nmethod 341 0x000001871f810e08 code [0x000001871f810f40, 0x000001871f811230]

GC Heap History (0 events):
No events

Dll operation events (6 events):
Event: 0.005 Loaded shared library C:\Program Files\Java\jdk-24\bin\java.dll
Event: 0.032 Loaded shared library C:\Program Files\Java\jdk-24\bin\jsvml.dll
Event: 0.063 Loaded shared library C:\Program Files\Java\jdk-24\bin\net.dll
Event: 0.064 Loaded shared library C:\Program Files\Java\jdk-24\bin\nio.dll
Event: 0.087 Loaded shared library C:\Program Files\Java\jdk-24\bin\jimage.dll
Event: 0.096 Loaded shared library C:\Program Files\Java\jdk-24\bin\awt.dll

Deoptimization events (0 events):
No events

Classes loaded (20 events):
Event: 0.182 Loading class sun/awt/KeyboardFocusManagerPeerImpl
Event: 0.182 Loading class java/awt/peer/KeyboardFocusManagerPeer
Event: 0.182 Loading class java/awt/peer/KeyboardFocusManagerPeer done
Event: 0.182 Loading class sun/awt/KeyboardFocusManagerPeerImpl done
Event: 0.182 Loading class sun/awt/windows/WKeyboardFocusManagerPeer done
Event: 0.182 Loading class javax/swing/JComponent$1
Event: 0.182 Loading class sun/swing/SwingAccessor$JComponentAccessor
Event: 0.182 Loading class sun/swing/SwingAccessor$JComponentAccessor done
Event: 0.182 Loading class javax/swing/JComponent$1 done
Event: 0.182 Loading class javax/swing/JComponent$2
Event: 0.182 Loading class javax/swing/JComponent$2 done
Event: 0.182 Loading class javax/swing/SwingUtilities
Event: 0.183 Loading class javax/swing/SwingUtilities done
Event: 0.183 Loading class javax/swing/JRootPane
Event: 0.183 Loading class javax/swing/JRootPane done
Event: 0.183 Loading class javax/swing/JPanel
Event: 0.183 Loading class javax/swing/JPanel done
Event: 0.183 Loading class java/awt/FlowLayout
Event: 0.183 Loading class java/awt/FlowLayout done
Event: 0.183 Loading class javax/swing/UIManager

Classes unloaded (0 events):
No events

Classes redefined (0 events):
No events

Internal exceptions (13 events):
Event: 0.065 Thread 0x0000018714c09f40 Exception <a 'sun/nio/fs/WindowsException'{0x00000007300d8468}> (0x00000007300d8468) 
thrown [s\open\src\hotspot\share\prims\jni.cpp, line 518]
Event: 0.066 Thread 0x0000018714c09f40 Exception <a 'sun/nio/fs/WindowsException'{0x00000007300da8b0}> (0x00000007300da8b0) 
thrown [s\open\src\hotspot\share\prims\jni.cpp, line 518]
Event: 0.092 Thread 0x0000018714c09f40 Exception <a 'java/lang/ClassNotFoundException'{0x000000072ff7e258}: sun/awt/resources/spi/awtProvider> (0x000000072ff7e258) 
thrown [s\open\src\hotspot\share\classfile\systemDictionary.cpp, line 327]
Event: 0.101 Thread 0x0000018714c09f40 Exception <a 'java/io/FileNotFoundException'{0x000000072ff9e898}> (0x000000072ff9e898) 
thrown [s\open\src\hotspot\share\prims\jni.cpp, line 518]
Event: 0.103 Thread 0x0000018714c09f40 Exception <a 'java/io/FileNotFoundException'{0x000000072ffb1198}> (0x000000072ffb1198) 
thrown [s\open\src\hotspot\share\prims\jni.cpp, line 518]
Event: 0.124 Thread 0x0000018714c09f40 Exception <a 'java/lang/NoSuchMethodError'{0x000000072fffc080}: 'java.lang.Object java.lang.invoke.DirectMethodHandle$Holder.invokeStaticInit(java.lang.Object)'> (0x000000072fffc080) 
thrown [s\open\src\hotspot\share\interpreter\linkResolver.cpp, line 805]
Event: 0.161 Thread 0x0000018714c09f40 Exception <a 'java/lang/NoSuchMethodError'{0x000000072fc30078}: 'int java.lang.invoke.DirectMethodHandle$Holder.invokeStaticInit(java.lang.Object, int)'> (0x000000072fc30078) 
thrown [s\open\src\hotspot\share\interpreter\linkResolver.cpp, line 805]
Event: 0.163 Thread 0x0000018714c09f40 Exception <a 'java/lang/NoSuchMethodError'{0x000000072fc38898}: 'long java.lang.invoke.DirectMethodHandle$Holder.invokeStatic(java.lang.Object, java.lang.Object)'> (0x000000072fc38898) 
thrown [s\open\src\hotspot\share\interpreter\linkResolver.cpp, line 805]
Event: 0.163 Thread 0x0000018714c09f40 Exception <a 'java/lang/NoSuchMethodError'{0x000000072fc408b8}: 'long java.lang.invoke.DirectMethodHandle$Holder.invokeStaticInit(java.lang.Object, java.lang.Object)'> (0x000000072fc408b8) 
thrown [s\open\src\hotspot\share\interpreter\linkResolver.cpp, line 805]
Event: 0.164 Thread 0x0000018714c09f40 Exception <a 'java/lang/NoSuchMethodError'{0x000000072fc49100}: 'java.lang.Object java.lang.invoke.DirectMethodHandle$Holder.invokeStatic(java.lang.Object, long, java.lang.Object)'> (0x000000072fc49100) 
thrown [s\open\src\hotspot\share\interpreter\linkResolver.cpp, line 805]
Event: 0.164 Thread 0x0000018714c09f40 Exception <a 'java/lang/NoSuchMethodError'{0x000000072fc51218}: 'java.lang.Object java.lang.invoke.DirectMethodHandle$Holder.invokeStaticInit(java.lang.Object, long, java.lang.Object)'> (0x000000072fc51218) 
thrown [s\open\src\hotspot\share\interpreter\linkResolver.cpp, line 805]
Event: 0.165 Thread 0x0000018714c09f40 Exception <a 'java/lang/NoSuchMethodError'{0x000000072fc59650}: 'java.lang.Object java.lang.invoke.DirectMethodHandle$Holder.invokeStatic(java.lang.Object, long)'> (0x000000072fc59650) 
thrown [s\open\src\hotspot\share\interpreter\linkResolver.cpp, line 805]
Event: 0.165 Thread 0x0000018714c09f40 Exception <a 'java/lang/NoSuchMethodError'{0x000000072fc61670}: 'java.lang.Object java.lang.invoke.DirectMethodHandle$Holder.invokeStaticInit(java.lang.Object, long)'> (0x000000072fc61670) 
thrown [s\open\src\hotspot\share\interpreter\linkResolver.cpp, line 805]

VM Operations (2 events):
Event: 0.067 Executing VM operation: HandshakeAllThreads (Deoptimize)
Event: 0.067 Executing VM operation: HandshakeAllThreads (Deoptimize) done

Memory protections (0 events):
No events

Nmethod flushes (0 events):
No events

Events (14 events):
Event: 0.020 Thread 0x0000018714c09f40 Thread added: 0x0000018714c09f40
Event: 0.030 Thread 0x0000018714c09f40 Thread added: 0x0000018735e9f8b0
Event: 0.030 Thread 0x0000018714c09f40 Thread added: 0x0000018735ea04b0
Event: 0.030 Thread 0x0000018714c09f40 Thread added: 0x0000018735ea5920
Event: 0.030 Thread 0x0000018714c09f40 Thread added: 0x0000018735ea6450
Event: 0.030 Thread 0x0000018714c09f40 Thread added: 0x0000018735ea8c00
Event: 0.030 Thread 0x0000018714c09f40 Thread added: 0x0000018735ea9ed0
Event: 0.031 Thread 0x0000018714c09f40 Thread added: 0x0000018735ead190
Event: 0.031 Thread 0x0000018714c09f40 Thread added: 0x0000018735eadd20
Event: 0.062 Thread 0x0000018714c09f40 Thread added: 0x000001877b08ac70
Event: 0.077 Thread 0x0000018714c09f40 Thread added: 0x000001877b195580
Event: 0.134 Thread 0x0000018714c09f40 Thread added: 0x000001877b202e60
Event: 0.135 Thread 0x0000018714c09f40 Thread added: 0x000001877b2035a0
Event: 0.136 Thread 0x0000018714c09f40 Thread added: 0x000001877b951f80


Dynamic libraries:
0x00007ff66ee10000 - 0x00007ff66ee20000 	C:\Program Files\Java\jdk-24\bin\java.exe
0x00007ffd35430000 - 0x00007ffd35628000 	C:\Windows\SYSTEM32\ntdll.dll
0x00007ffd34510000 - 0x00007ffd345d2000 	C:\Windows\System32\KERNEL32.DLL
0x00007ffd32d10000 - 0x00007ffd3300e000 	C:\Windows\System32\KERNELBASE.dll
0x00007ffd33320000 - 0x00007ffd33420000 	C:\Windows\System32\ucrtbase.dll
0x00007ffd30150000 - 0x00007ffd30166000 	C:\Program Files\Java\jdk-24\bin\jli.dll
0x00007ffd1ca50000 - 0x00007ffd1ca6b000 	C:\Program Files\Java\jdk-24\bin\VCRUNTIME140.dll
0x00007ffd34180000 - 0x00007ffd3431d000 	C:\Windows\System32\USER32.dll
0x00007ffd33420000 - 0x00007ffd33442000 	C:\Windows\System32\win32u.dll
0x00007ffd21bb0000 - 0x00007ffd21e4a000 	C:\Windows\WinSxS\amd64_microsoft.windows.common-controls_6595b64144ccf1df_6.0.19041.4355_none_60b8b9eb71f62e16\COMCTL32.dll
0x00007ffd34150000 - 0x00007ffd3417b000 	C:\Windows\System32\GDI32.dll
0x00007ffd35130000 - 0x00007ffd351ce000 	C:\Windows\System32\msvcrt.dll
0x00007ffd32ad0000 - 0x00007ffd32be7000 	C:\Windows\System32\gdi32full.dll
0x00007ffd32c70000 - 0x00007ffd32d0d000 	C:\Windows\System32\msvcp_win.dll
0x00007ffd34c70000 - 0x00007ffd34c9f000 	C:\Windows\System32\IMM32.DLL
0x00007ffd1cb00000 - 0x00007ffd1cb0c000 	C:\Program Files\Java\jdk-24\bin\vcruntime140_1.dll
0x00007ffcf0d20000 - 0x00007ffcf0dae000 	C:\Program Files\Java\jdk-24\bin\msvcp140.dll
0x00007ffcf0f30000 - 0x00007ffcf1cd1000 	C:\Program Files\Java\jdk-24\bin\server\jvm.dll
0x00007ffd34780000 - 0x00007ffd34831000 	C:\Windows\System32\ADVAPI32.dll
0x00007ffd33ea0000 - 0x00007ffd33f3f000 	C:\Windows\System32\sechost.dll
0x00007ffd33500000 - 0x00007ffd33623000 	C:\Windows\System32\RPCRT4.dll
0x00007ffd32c40000 - 0x00007ffd32c67000 	C:\Windows\System32\bcrypt.dll
0x00007ffd351d0000 - 0x00007ffd3523b000 	C:\Windows\System32\WS2_32.dll
0x00007ffd32930000 - 0x00007ffd3297b000 	C:\Windows\SYSTEM32\POWRPROF.dll
0x00007ffd28fc0000 - 0x00007ffd28fe7000 	C:\Windows\SYSTEM32\WINMM.dll
0x00007ffd2b820000 - 0x00007ffd2b82a000 	C:\Windows\SYSTEM32\VERSION.dll
0x00007ffd32910000 - 0x00007ffd32922000 	C:\Windows\SYSTEM32\UMPDC.dll
0x00007ffd30970000 - 0x00007ffd30982000 	C:\Windows\SYSTEM32\kernel.appcore.dll
0x00007ffd1caf0000 - 0x00007ffd1cafa000 	C:\Program Files\Java\jdk-24\bin\jimage.dll
0x00007ffd2c540000 - 0x00007ffd2c724000 	C:\Windows\SYSTEM32\DBGHELP.DLL
0x00007ffd1cdd0000 - 0x00007ffd1ce04000 	C:\Windows\SYSTEM32\dbgcore.DLL
0x00007ffd33010000 - 0x00007ffd33092000 	C:\Windows\System32\bcryptPrimitives.dll
0x00007ffd08560000 - 0x00007ffd0857e000 	C:\Program Files\Java\jdk-24\bin\java.dll
0x00007ffd34330000 - 0x00007ffd3445b000 	C:\Windows\System32\ole32.dll
0x00007ffd34910000 - 0x00007ffd34c63000 	C:\Windows\System32\combase.dll
0x00007ffd33640000 - 0x00007ffd33dad000 	C:\Windows\System32\SHELL32.dll
0x00007ffd30b70000 - 0x00007ffd31314000 	C:\Windows\SYSTEM32\windows.storage.dll
0x00007ffd32430000 - 0x00007ffd3245e000 	C:\Windows\SYSTEM32\Wldp.dll
0x00007ffd34840000 - 0x00007ffd3490d000 	C:\Windows\System32\OLEAUT32.dll
0x00007ffd33450000 - 0x00007ffd334fd000 	C:\Windows\System32\SHCORE.dll
0x00007ffd34010000 - 0x00007ffd34065000 	C:\Windows\System32\shlwapi.dll
0x00007ffd32a00000 - 0x00007ffd32a24000 	C:\Windows\SYSTEM32\profapi.dll
0x00007ffcf5250000 - 0x00007ffcf5327000 	C:\Program Files\Java\jdk-24\bin\jsvml.dll
0x00007ffd19350000 - 0x00007ffd19360000 	C:\Program Files\Java\jdk-24\bin\net.dll
0x00007ffd32190000 - 0x00007ffd321fa000 	C:\Windows\system32\mswsock.dll
0x00007ffcf5230000 - 0x00007ffcf5246000 	C:\Program Files\Java\jdk-24\bin\nio.dll
0x00007ffcf0db0000 - 0x00007ffcf0f2f000 	C:\Program Files\Java\jdk-24\bin\awt.dll
0x00007ffd2fdc0000 - 0x00007ffd2fe54000 	C:\Windows\SYSTEM32\apphelp.dll
0x00007ffd30790000 - 0x00007ffd307bf000 	C:\Windows\system32\DWMAPI.DLL
0x00007ffd30480000 - 0x00007ffd3051e000 	C:\Windows\system32\uxtheme.dll
0x00007ffce7840000 - 0x00007ffce7968000 	C:\Windows\system32\opengl32.dll
0x00007ffce7810000 - 0x00007ffce783c000 	C:\Windows\SYSTEM32\GLU32.dll
0x00007ffd345e0000 - 0x00007ffd346f5000 	C:\Windows\System32\MSCTF.dll
0x00007ffd0b550000 - 0x00007ffd0b721000 	C:\Windows\system32\d3d9.dll
0x00007ffd28ff0000 - 0x00007ffd291ab000 	C:\Windows\System32\DriverStore\FileRepository\u0407052.inf_amd64_84d15514ad17ffa0\B406619\aticfx64.dll
0x00007ffcf0ae0000 - 0x00007ffcf0b14000 	C:\Windows\System32\DriverStore\FileRepository\u0407052.inf_amd64_84d15514ad17ffa0\B406619\atiu9p64.dll
0x00007ffceda40000 - 0x00007ffcee787000 	C:\Windows\System32\DriverStore\FileRepository\u0407052.inf_amd64_84d15514ad17ffa0\B406619\atiumd64.dll
0x00007ffd25ad0000 - 0x00007ffd25b05000 	C:\Windows\SYSTEM32\amdihk64.dll

JVMTI agents: none

dbghelp: loaded successfully - version: 4.0.5 - missing functions: none
symbol engine: initialized successfully - sym options: 0x614 - pdb path: .;C:\Program Files\Java\jdk-24\bin;C:\Windows\SYSTEM32;C:\Windows\WinSxS\amd64_microsoft.windows.common-controls_6595b64144ccf1df_6.0.19041.4355_none_60b8b9eb71f62e16;C:\Program Files\Java\jdk-24\bin\server;C:\Windows\System32\DriverStore\FileRepository\u0407052.inf_amd64_84d15514ad17ffa0\B406619

VM Arguments:
jvm_args: -Dfile.encoding=UTF-8 --module-path=C:\Users\Administrator\Documents\NetBeansProjects\RiddleMeThis\build\classes 
java_command: oop.Rules
java_class_path (initial): C:\Users\Administrator\Documents\NetBeansProjects\RiddleMeThis\build\classes
Launcher Type: SUN_STANDARD

[Global flags]
     intx CICompilerCount                          = 4                                         {product} {ergonomic}
     uint ConcGCThreads                            = 3                                         {product} {ergonomic}
     uint G1ConcRefinementThreads                  = 10                                        {product} {ergonomic}
   size_t G1HeapRegionSize                         = 2097152                                   {product} {ergonomic}
   size_t InitialHeapSize                          = 232783872                                 {product} {ergonomic}
   size_t MarkStackSize                            = 4194304                                   {product} {ergonomic}
   size_t MarkStackSizeMax                         = 536870912                                 {product} {ergonomic}
   size_t MaxHeapSize                              = 3720347648                                {product} {ergonomic}
   size_t MaxNewSize                               = 2231369728                                {product} {ergonomic}
   size_t MinHeapDeltaBytes                        = 2097152                                   {product} {ergonomic}
   size_t MinHeapSize                              = 8388608                                   {product} {ergonomic}
    uintx NonNMethodCodeHeapSize                   = 5832704                                {pd product} {ergonomic}
    uintx NonProfiledCodeHeapSize                  = 122945536                              {pd product} {ergonomic}
    uintx ProfiledCodeHeapSize                     = 122880000                              {pd product} {ergonomic}
    uintx ReservedCodeCacheSize                    = 251658240                              {pd product} {ergonomic}
     bool SegmentedCodeCache                       = true                                      {product} {ergonomic}
   size_t SoftMaxHeapSize                          = 3720347648                             {manageable} {ergonomic}
     bool UseCompressedOops                        = true                           {product lp64_product} {ergonomic}
     bool UseG1GC                                  = true                                      {product} {ergonomic}
     bool UseLargePagesIndividualAllocation        = false                                  {pd product} {ergonomic}

Logging:
Log output configuration:
 #0: stdout all=warning uptime,level,tags foldmultilines=false
 #1: stderr all=off uptime,level,tags foldmultilines=false

Environment Variables:
JAVA_HOME=C:\Program Files\Java\jdk-24
PATH=C:\Program Files\Common Files\Oracle\Java\javapath;C:\Program Files (x86)\Common Files\Oracle\Java\java8path;C:\Program Files (x86)\Common Files\Oracle\Java\javapath;C:\Windows\system32;C:\Windows;C:\Windows\System32\Wbem;C:\Windows\System32\WindowsPowerShell\v1.0\;C:\Windows\System32\OpenSSH\;C:\Program Files\Java\jdk-24\bin;C:\Program Files\Git\cmd;C:\Users\Administrator\AppData\Local\Microsoft\WindowsApps;C:\Users\Administrator\AppData\Local\Programs\Microsoft VS Code\bin
USERNAME=Administrator
OS=Windows_NT
PROCESSOR_IDENTIFIER=AMD64 Family 25 Model 80 Stepping 0, AuthenticAMD
TMP=C:\Users\ADMINI~1\AppData\Local\Temp
TEMP=C:\Users\ADMINI~1\AppData\Local\Temp




Periodic native trim disabled

---------------  S Y S T E M  ---------------

OS:
 Windows 10 , 64 bit Build 19041 (10.0.19041.5198)
OS uptime: 0 days 0:56 hours

CPU: total 12 (initial active 12) (12 cores per cpu, 2 threads per core) family 25 model 80 stepping 0 microcode 0x0, cx8, cmov, fxsr, ht, mmx, 3dnowpref, sse, sse2, sse3, ssse3, sse4a, sse4.1, sse4.2, popcnt, lzcnt, tsc, tscinvbit, avx, avx2, aes, erms, clmul, bmi1, bmi2, adx, sha, fma, vzeroupper, clflush, clflushopt, rdtscp, rdpid, fsrm, f16c, pku, cet_ss
Processor Information for the first 12 processors :
  Max Mhz: 3901, Current Mhz: 3901, Mhz Limit: 3901

Memory: 4k page, system-wide physical 14186M (2371M free)
TotalPageFile size 29280M (AvailPageFile size 5M)
current process WorkingSet (physical memory assigned to process): 54M, peak: 54M
current process commit charge ("private bytes"): 323M, peak: 331M

vm_info: Java HotSpot(TM) 64-Bit Server VM (24.0.2+12-54) for windows-amd64 JRE (24.0.2+12-54), built on 2025-07-08T12:10:27Z with MS VC++ 17.6 (VS2022)

END.
