#
# There is insufficient memory for the Java Runtime Environment to continue.
# Native memory allocation (malloc) failed to allocate 865296 bytes. Error detail: Chunk::new
# Possible reasons:
#   The system is out of physical RAM or swap space
#   This process is running with CompressedOops enabled, and the Java Heap may be blocking the growth of the native heap
# Possible solutions:
#   Reduce memory load on the system
#   Increase physical memory or swap space
#   Check if swap backing store is full
#   Decrease Java heap size (-Xmx/-Xms)
#   Decrease number of Java threads
#   Decrease Java thread stack sizes (-Xss)
#   Set larger code cache with -XX:ReservedCodeCacheSize=
#   JVM is running with Zero Based Compressed Oops mode in which the Java heap is
#     placed in the first 32GB address space. The Java Heap base address is the
#     maximum limit for the native heap growth. Please use -XX:HeapBaseMinAddress
#     to set the Java Heap base and to place the Java Heap above 32GB virtual address.
# This output file may be truncated or incomplete.
#
#  Out of Memory Error (arena.cpp:162), pid=18724, tid=13196
#
# JRE version: Java(TM) SE Runtime Environment (24.0.2+12) (build 24.0.2+12-54)
# Java VM: Java HotSpot(TM) 64-Bit Server VM (24.0.2+12-54, mixed mode, sharing, tiered, compressed oops, compressed class ptrs, g1 gc, windows-amd64)
# No core dump will be written. Minidumps are not enabled by default on client versions of Windows
#

---------------  S U M M A R Y ------------

Command Line: -Dfile.encoding=UTF-8 --module-path=C:\Users\Administrator\Documents\NetBeansProjects\RiddleMeThis\build\classes oop.Quiz

Host: AMD Ryzen 5 5600G with Radeon Graphics         , 12 cores, 13G,  Windows 10 , 64 bit Build 19041 (10.0.19041.5198)
Time: Mon Nov 17 21:16:11 2025 Bangladesh Standard Time elapsed time: 0.411293 seconds (0d 0h 0m 0s)

---------------  T H R E A D  ---------------

Current thread (0x000001d9e4baffe0):  JavaThread "C2 CompilerThread0" daemon [_thread_in_native, id=13196, stack(0x0000005dd5600000,0x0000005dd5700000) (1024K)]


Current CompileTask:
C2:411  868       4       jdk.internal.classfile.impl.SplitConstantPool::internalAdd (78 bytes)

Stack: [0x0000005dd5600000,0x0000005dd5700000]
Native frames: (J=compiled Java code, j=interpreted, Vv=VM code, C=native code)
V  [jvm.dll+0x730829]  (no source info available)
V  [jvm.dll+0x8d9da3]  (no source info available)
V  [jvm.dll+0x8dc28d]  (no source info available)
V  [jvm.dll+0x8dc903]  (no source info available)
V  [jvm.dll+0x2a9f56]  (no source info available)
V  [jvm.dll+0xced7f]  (no source info available)
V  [jvm.dll+0xcefdf]  (no source info available)
V  [jvm.dll+0x154c83]  (no source info available)
V  [jvm.dll+0x73604f]  (no source info available)
V  [jvm.dll+0x26f8dc]  (no source info available)
V  [jvm.dll+0x26e8ff]  (no source info available)
V  [jvm.dll+0x1e9c90]  (no source info available)
V  [jvm.dll+0x27e0cb]  (no source info available)
V  [jvm.dll+0x27c36a]  (no source info available)
V  [jvm.dll+0x42f396]  (no source info available)
V  [jvm.dll+0x87d9eb]  (no source info available)
V  [jvm.dll+0x72ef45]  (no source info available)
C  [ucrtbase.dll+0x21bb2]  (no source info available)
C  [KERNEL32.DLL+0x17374]  (no source info available)
C  [ntdll.dll+0x4cc91]  (no source info available)

Lock stack of current Java thread (top to bottom):


---------------  P R O C E S S  ---------------

Threads class SMR info:
_java_thread_list=0x000001d9c1bf1580, length=16, elements={
0x000001d9e4b7dc60, 0x000001d9e4b7e860, 0x000001d9e4b84b80, 0x000001d9e4b876c0,
0x000001d9e4b88990, 0x000001d9e4b8f170, 0x000001d9e4baffe0, 0x000001d9e4b8d330,
0x000001d9c10d9160, 0x000001d9c11f95a0, 0x000001d9c1971ea0, 0x000001d9c1995060,
0x000001d9c140e6b0, 0x000001d9c1baee00, 0x000001d9c1c41640, 0x000001d9c1c424e0
}

Java Threads: ( => current thread )
  0x000001d9e4b7dc60 JavaThread "Reference Handler"          daemon [_thread_blocked, id=2152, stack(0x0000005dd5000000,0x0000005dd5100000) (1024K)]
  0x000001d9e4b7e860 JavaThread "Finalizer"                  daemon [_thread_blocked, id=18764, stack(0x0000005dd5100000,0x0000005dd5200000) (1024K)]
  0x000001d9e4b84b80 JavaThread "Signal Dispatcher"          daemon [_thread_blocked, id=16788, stack(0x0000005dd5200000,0x0000005dd5300000) (1024K)]
  0x000001d9e4b876c0 JavaThread "Attach Listener"            daemon [_thread_blocked, id=6068, stack(0x0000005dd5300000,0x0000005dd5400000) (1024K)]
  0x000001d9e4b88990 JavaThread "Service Thread"             daemon [_thread_blocked, id=18452, stack(0x0000005dd5400000,0x0000005dd5500000) (1024K)]
  0x000001d9e4b8f170 JavaThread "Monitor Deflation Thread"   daemon [_thread_blocked, id=18108, stack(0x0000005dd5500000,0x0000005dd5600000) (1024K)]
=>0x000001d9e4baffe0 JavaThread "C2 CompilerThread0"         daemon [_thread_in_native, id=13196, stack(0x0000005dd5600000,0x0000005dd5700000) (1024K)]
  0x000001d9e4b8d330 JavaThread "C1 CompilerThread0"         daemon [_thread_blocked, id=5040, stack(0x0000005dd5700000,0x0000005dd5800000) (1024K)]
  0x000001d9c10d9160 JavaThread "Common-Cleaner"             daemon [_thread_blocked, id=14988, stack(0x0000005dd5800000,0x0000005dd5900000) (1024K)]
  0x000001d9c11f95a0 JavaThread "Notification Thread"        daemon [_thread_blocked, id=18492, stack(0x0000005dd5900000,0x0000005dd5a00000) (1024K)]
  0x000001d9c1971ea0 JavaThread "Java2D Disposer"            daemon [_thread_blocked, id=10696, stack(0x0000005dd5a00000,0x0000005dd5b00000) (1024K)]
  0x000001d9c1995060 JavaThread "AWT-Shutdown"                      [_thread_blocked, id=19420, stack(0x0000005dd5b00000,0x0000005dd5c00000) (1024K)]
  0x000001d9c140e6b0 JavaThread "AWT-Windows"                daemon [_thread_in_native, id=19016, stack(0x0000005dd5c00000,0x0000005dd5d00000) (1024K)]
  0x000001d9c1baee00 JavaThread "AWT-EventQueue-0"                  [_thread_blocked, id=1308, stack(0x0000005dd6700000,0x0000005dd6800000) (1024K)]
  0x000001d9c1c41640 JavaThread "D3D Screen Updater"         daemon [_thread_in_native, id=2648, stack(0x0000005dd6800000,0x0000005dd6900000) (1024K)]
  0x000001d9c1c424e0 JavaThread "DestroyJavaVM"                     [_thread_blocked, id=19428, stack(0x0000005dd4800000,0x0000005dd4900000) (1024K)]
Total: 16

Other Threads:
  0x000001d9e4b6e2b0 VMThread "VM Thread"                           [id=19196, stack(0x0000005dd4f00000,0x0000005dd5000000) (1024K)]
  0x000001d9e4a3bf30 WatcherThread "VM Periodic Task Thread"        [id=19320, stack(0x0000005dd4e00000,0x0000005dd4f00000) (1024K)]
  0x000001d9c5c4cfb0 WorkerThread "GC Thread#0"                     [id=6372, stack(0x0000005dd4900000,0x0000005dd4a00000) (1024K)]
  0x000001d9c5c5f530 ConcurrentGCThread "G1 Main Marker"            [id=13420, stack(0x0000005dd4a00000,0x0000005dd4b00000) (1024K)]
  0x000001d9c5c607e0 WorkerThread "G1 Conc#0"                       [id=19212, stack(0x0000005dd4b00000,0x0000005dd4c00000) (1024K)]
  0x000001d9c5cbe520 ConcurrentGCThread "G1 Refine#0"               [id=1456, stack(0x0000005dd4c00000,0x0000005dd4d00000) (1024K)]
  0x000001d9e4a356e0 ConcurrentGCThread "G1 Service"                [id=3512, stack(0x0000005dd4d00000,0x0000005dd4e00000) (1024K)]
Total: 7

Threads with active compile tasks:
C2 CompilerThread0  428  868       4       jdk.internal.classfile.impl.SplitConstantPool::internalAdd (78 bytes)
Total: 1

VM state: not at safepoint (normal execution)

VM Mutex/Monitor currently owned by a thread: None

Heap address: 0x0000000722400000, size: 3548 MB, Compressed Oops mode: Zero based, Oop shift amount: 3

CDS archive(s) mapped at: [0x000001d980000000-0x000001d980d40000-0x000001d980d40000), size 13893632, SharedBaseAddress: 0x000001d980000000, ArchiveRelocationMode: 1.
Compressed class space mapped at: 0x000001d981000000-0x000001d9c1000000, reserved size: 1073741824
UseCompressedClassPointers 1, UseCompactObjectHeaders 0
Narrow klass pointer bits 32, Max shift 3
Narrow klass base: 0x000001d980000000, Narrow klass shift: 0
Encoding Range: [0x000001d980000000 - 0x000001da80000000), (4294967296 bytes)
Klass Range:    [0x000001d980000000 - 0x000001d9c1000000), (1090519040 bytes)
Klass ID Range:  [8 - 1090519033) (1090519025)

GC Precious Log:
 CardTable entry size: 512
 Card Set container configuration: InlinePtr #cards 4 size 8 Array Of Cards #cards 16 size 48 Howl #buckets 8 coarsen threshold 3686 Howl Bitmap #cards 512 size 80 coarsen threshold 460 Card regions per heap region 1 cards per card region 4096
 CPUs: 12 total, 12 available
 Memory: 14186M
 Large Page Support: Disabled
 NUMA Support: Disabled
 Compressed Oops: Enabled (Zero based)
 Heap Region Size: 2M
 Heap Min Capacity: 8M
 Heap Initial Capacity: 222M
 Heap Max Capacity: 3548M
 Pre-touch: Disabled
 Parallel Workers: 10
 Concurrent Workers: 3
 Concurrent Refinement Workers: 10
 Periodic GC: Disabled

Heap:
 garbage-first heap   total reserved 3633152K, committed 229376K, used 13428K [0x0000000722400000, 0x0000000800000000)
  region size 2048K, 7 young (14336K), 0 survivors (0K)
 Metaspace       used 7072K, committed 7232K, reserved 1114112K
  class space    used 631K, committed 704K, reserved 1048576K

Heap Regions: E=young(eden), S=young(survivor), O=old, HS=humongous(starts), HC=humongous(continues), CS=collection set, F=free, TAMS=top-at-mark-start, PB=parsable bottom
|   0|0x0000000722400000, 0x0000000722400000, 0x0000000722600000|  0%| F|  |TAMS 0x0000000722400000| PB 0x0000000722400000| Untracked |  0
|   1|0x0000000722600000, 0x0000000722600000, 0x0000000722800000|  0%| F|  |TAMS 0x0000000722600000| PB 0x0000000722600000| Untracked |  0
|   2|0x0000000722800000, 0x0000000722800000, 0x0000000722a00000|  0%| F|  |TAMS 0x0000000722800000| PB 0x0000000722800000| Untracked |  0
|   3|0x0000000722a00000, 0x0000000722a00000, 0x0000000722c00000|  0%| F|  |TAMS 0x0000000722a00000| PB 0x0000000722a00000| Untracked |  0
|   4|0x0000000722c00000, 0x0000000722c00000, 0x0000000722e00000|  0%| F|  |TAMS 0x0000000722c00000| PB 0x0000000722c00000| Untracked |  0
|   5|0x0000000722e00000, 0x0000000722e00000, 0x0000000723000000|  0%| F|  |TAMS 0x0000000722e00000| PB 0x0000000722e00000| Untracked |  0
|   6|0x0000000723000000, 0x0000000723000000, 0x0000000723200000|  0%| F|  |TAMS 0x0000000723000000| PB 0x0000000723000000| Untracked |  0
|   7|0x0000000723200000, 0x0000000723200000, 0x0000000723400000|  0%| F|  |TAMS 0x0000000723200000| PB 0x0000000723200000| Untracked |  0
|   8|0x0000000723400000, 0x0000000723400000, 0x0000000723600000|  0%| F|  |TAMS 0x0000000723400000| PB 0x0000000723400000| Untracked |  0
|   9|0x0000000723600000, 0x0000000723600000, 0x0000000723800000|  0%| F|  |TAMS 0x0000000723600000| PB 0x0000000723600000| Untracked |  0
|  10|0x0000000723800000, 0x0000000723800000, 0x0000000723a00000|  0%| F|  |TAMS 0x0000000723800000| PB 0x0000000723800000| Untracked |  0
|  11|0x0000000723a00000, 0x0000000723a00000, 0x0000000723c00000|  0%| F|  |TAMS 0x0000000723a00000| PB 0x0000000723a00000| Untracked |  0
|  12|0x0000000723c00000, 0x0000000723c00000, 0x0000000723e00000|  0%| F|  |TAMS 0x0000000723c00000| PB 0x0000000723c00000| Untracked |  0
|  13|0x0000000723e00000, 0x0000000723e00000, 0x0000000724000000|  0%| F|  |TAMS 0x0000000723e00000| PB 0x0000000723e00000| Untracked |  0
|  14|0x0000000724000000, 0x0000000724000000, 0x0000000724200000|  0%| F|  |TAMS 0x0000000724000000| PB 0x0000000724000000| Untracked |  0
|  15|0x0000000724200000, 0x0000000724200000, 0x0000000724400000|  0%| F|  |TAMS 0x0000000724200000| PB 0x0000000724200000| Untracked |  0
|  16|0x0000000724400000, 0x0000000724400000, 0x0000000724600000|  0%| F|  |TAMS 0x0000000724400000| PB 0x0000000724400000| Untracked |  0
|  17|0x0000000724600000, 0x0000000724600000, 0x0000000724800000|  0%| F|  |TAMS 0x0000000724600000| PB 0x0000000724600000| Untracked |  0
|  18|0x0000000724800000, 0x0000000724800000, 0x0000000724a00000|  0%| F|  |TAMS 0x0000000724800000| PB 0x0000000724800000| Untracked |  0
|  19|0x0000000724a00000, 0x0000000724a00000, 0x0000000724c00000|  0%| F|  |TAMS 0x0000000724a00000| PB 0x0000000724a00000| Untracked |  0
|  20|0x0000000724c00000, 0x0000000724c00000, 0x0000000724e00000|  0%| F|  |TAMS 0x0000000724c00000| PB 0x0000000724c00000| Untracked |  0
|  21|0x0000000724e00000, 0x0000000724e00000, 0x0000000725000000|  0%| F|  |TAMS 0x0000000724e00000| PB 0x0000000724e00000| Untracked |  0
|  22|0x0000000725000000, 0x0000000725000000, 0x0000000725200000|  0%| F|  |TAMS 0x0000000725000000| PB 0x0000000725000000| Untracked |  0
|  23|0x0000000725200000, 0x0000000725200000, 0x0000000725400000|  0%| F|  |TAMS 0x0000000725200000| PB 0x0000000725200000| Untracked |  0
|  24|0x0000000725400000, 0x0000000725400000, 0x0000000725600000|  0%| F|  |TAMS 0x0000000725400000| PB 0x0000000725400000| Untracked |  0
|  25|0x0000000725600000, 0x0000000725600000, 0x0000000725800000|  0%| F|  |TAMS 0x0000000725600000| PB 0x0000000725600000| Untracked |  0
|  26|0x0000000725800000, 0x0000000725800000, 0x0000000725a00000|  0%| F|  |TAMS 0x0000000725800000| PB 0x0000000725800000| Untracked |  0
|  27|0x0000000725a00000, 0x0000000725a00000, 0x0000000725c00000|  0%| F|  |TAMS 0x0000000725a00000| PB 0x0000000725a00000| Untracked |  0
|  28|0x0000000725c00000, 0x0000000725c00000, 0x0000000725e00000|  0%| F|  |TAMS 0x0000000725c00000| PB 0x0000000725c00000| Untracked |  0
|  29|0x0000000725e00000, 0x0000000725e00000, 0x0000000726000000|  0%| F|  |TAMS 0x0000000725e00000| PB 0x0000000725e00000| Untracked |  0
|  30|0x0000000726000000, 0x0000000726000000, 0x0000000726200000|  0%| F|  |TAMS 0x0000000726000000| PB 0x0000000726000000| Untracked |  0
|  31|0x0000000726200000, 0x0000000726200000, 0x0000000726400000|  0%| F|  |TAMS 0x0000000726200000| PB 0x0000000726200000| Untracked |  0
|  32|0x0000000726400000, 0x0000000726400000, 0x0000000726600000|  0%| F|  |TAMS 0x0000000726400000| PB 0x0000000726400000| Untracked |  0
|  33|0x0000000726600000, 0x0000000726600000, 0x0000000726800000|  0%| F|  |TAMS 0x0000000726600000| PB 0x0000000726600000| Untracked |  0
|  34|0x0000000726800000, 0x0000000726800000, 0x0000000726a00000|  0%| F|  |TAMS 0x0000000726800000| PB 0x0000000726800000| Untracked |  0
|  35|0x0000000726a00000, 0x0000000726a00000, 0x0000000726c00000|  0%| F|  |TAMS 0x0000000726a00000| PB 0x0000000726a00000| Untracked |  0
|  36|0x0000000726c00000, 0x0000000726c00000, 0x0000000726e00000|  0%| F|  |TAMS 0x0000000726c00000| PB 0x0000000726c00000| Untracked |  0
|  37|0x0000000726e00000, 0x0000000726e00000, 0x0000000727000000|  0%| F|  |TAMS 0x0000000726e00000| PB 0x0000000726e00000| Untracked |  0
|  38|0x0000000727000000, 0x0000000727000000, 0x0000000727200000|  0%| F|  |TAMS 0x0000000727000000| PB 0x0000000727000000| Untracked |  0
|  39|0x0000000727200000, 0x0000000727200000, 0x0000000727400000|  0%| F|  |TAMS 0x0000000727200000| PB 0x0000000727200000| Untracked |  0
|  40|0x0000000727400000, 0x0000000727400000, 0x0000000727600000|  0%| F|  |TAMS 0x0000000727400000| PB 0x0000000727400000| Untracked |  0
|  41|0x0000000727600000, 0x0000000727600000, 0x0000000727800000|  0%| F|  |TAMS 0x0000000727600000| PB 0x0000000727600000| Untracked |  0
|  42|0x0000000727800000, 0x0000000727800000, 0x0000000727a00000|  0%| F|  |TAMS 0x0000000727800000| PB 0x0000000727800000| Untracked |  0
|  43|0x0000000727a00000, 0x0000000727a00000, 0x0000000727c00000|  0%| F|  |TAMS 0x0000000727a00000| PB 0x0000000727a00000| Untracked |  0
|  44|0x0000000727c00000, 0x0000000727c00000, 0x0000000727e00000|  0%| F|  |TAMS 0x0000000727c00000| PB 0x0000000727c00000| Untracked |  0
|  45|0x0000000727e00000, 0x0000000727e00000, 0x0000000728000000|  0%| F|  |TAMS 0x0000000727e00000| PB 0x0000000727e00000| Untracked |  0
|  46|0x0000000728000000, 0x0000000728000000, 0x0000000728200000|  0%| F|  |TAMS 0x0000000728000000| PB 0x0000000728000000| Untracked |  0
|  47|0x0000000728200000, 0x0000000728200000, 0x0000000728400000|  0%| F|  |TAMS 0x0000000728200000| PB 0x0000000728200000| Untracked |  0
|  48|0x0000000728400000, 0x0000000728400000, 0x0000000728600000|  0%| F|  |TAMS 0x0000000728400000| PB 0x0000000728400000| Untracked |  0
|  49|0x0000000728600000, 0x0000000728600000, 0x0000000728800000|  0%| F|  |TAMS 0x0000000728600000| PB 0x0000000728600000| Untracked |  0
|  50|0x0000000728800000, 0x0000000728800000, 0x0000000728a00000|  0%| F|  |TAMS 0x0000000728800000| PB 0x0000000728800000| Untracked |  0
|  51|0x0000000728a00000, 0x0000000728a00000, 0x0000000728c00000|  0%| F|  |TAMS 0x0000000728a00000| PB 0x0000000728a00000| Untracked |  0
|  52|0x0000000728c00000, 0x0000000728c00000, 0x0000000728e00000|  0%| F|  |TAMS 0x0000000728c00000| PB 0x0000000728c00000| Untracked |  0
|  53|0x0000000728e00000, 0x0000000728e00000, 0x0000000729000000|  0%| F|  |TAMS 0x0000000728e00000| PB 0x0000000728e00000| Untracked |  0
|  54|0x0000000729000000, 0x0000000729000000, 0x0000000729200000|  0%| F|  |TAMS 0x0000000729000000| PB 0x0000000729000000| Untracked |  0
|  55|0x0000000729200000, 0x0000000729200000, 0x0000000729400000|  0%| F|  |TAMS 0x0000000729200000| PB 0x0000000729200000| Untracked |  0
|  56|0x0000000729400000, 0x0000000729400000, 0x0000000729600000|  0%| F|  |TAMS 0x0000000729400000| PB 0x0000000729400000| Untracked |  0
|  57|0x0000000729600000, 0x0000000729600000, 0x0000000729800000|  0%| F|  |TAMS 0x0000000729600000| PB 0x0000000729600000| Untracked |  0
|  58|0x0000000729800000, 0x0000000729800000, 0x0000000729a00000|  0%| F|  |TAMS 0x0000000729800000| PB 0x0000000729800000| Untracked |  0
|  59|0x0000000729a00000, 0x0000000729a00000, 0x0000000729c00000|  0%| F|  |TAMS 0x0000000729a00000| PB 0x0000000729a00000| Untracked |  0
|  60|0x0000000729c00000, 0x0000000729c00000, 0x0000000729e00000|  0%| F|  |TAMS 0x0000000729c00000| PB 0x0000000729c00000| Untracked |  0
|  61|0x0000000729e00000, 0x0000000729e00000, 0x000000072a000000|  0%| F|  |TAMS 0x0000000729e00000| PB 0x0000000729e00000| Untracked |  0
|  62|0x000000072a000000, 0x000000072a000000, 0x000000072a200000|  0%| F|  |TAMS 0x000000072a000000| PB 0x000000072a000000| Untracked |  0
|  63|0x000000072a200000, 0x000000072a200000, 0x000000072a400000|  0%| F|  |TAMS 0x000000072a200000| PB 0x000000072a200000| Untracked |  0
|  64|0x000000072a400000, 0x000000072a400000, 0x000000072a600000|  0%| F|  |TAMS 0x000000072a400000| PB 0x000000072a400000| Untracked |  0
|  65|0x000000072a600000, 0x000000072a600000, 0x000000072a800000|  0%| F|  |TAMS 0x000000072a600000| PB 0x000000072a600000| Untracked |  0
|  66|0x000000072a800000, 0x000000072a800000, 0x000000072aa00000|  0%| F|  |TAMS 0x000000072a800000| PB 0x000000072a800000| Untracked |  0
|  67|0x000000072aa00000, 0x000000072aa00000, 0x000000072ac00000|  0%| F|  |TAMS 0x000000072aa00000| PB 0x000000072aa00000| Untracked |  0
|  68|0x000000072ac00000, 0x000000072ac00000, 0x000000072ae00000|  0%| F|  |TAMS 0x000000072ac00000| PB 0x000000072ac00000| Untracked |  0
|  69|0x000000072ae00000, 0x000000072ae00000, 0x000000072b000000|  0%| F|  |TAMS 0x000000072ae00000| PB 0x000000072ae00000| Untracked |  0
|  70|0x000000072b000000, 0x000000072b000000, 0x000000072b200000|  0%| F|  |TAMS 0x000000072b000000| PB 0x000000072b000000| Untracked |  0
|  71|0x000000072b200000, 0x000000072b200000, 0x000000072b400000|  0%| F|  |TAMS 0x000000072b200000| PB 0x000000072b200000| Untracked |  0
|  72|0x000000072b400000, 0x000000072b400000, 0x000000072b600000|  0%| F|  |TAMS 0x000000072b400000| PB 0x000000072b400000| Untracked |  0
|  73|0x000000072b600000, 0x000000072b600000, 0x000000072b800000|  0%| F|  |TAMS 0x000000072b600000| PB 0x000000072b600000| Untracked |  0
|  74|0x000000072b800000, 0x000000072b800000, 0x000000072ba00000|  0%| F|  |TAMS 0x000000072b800000| PB 0x000000072b800000| Untracked |  0
|  75|0x000000072ba00000, 0x000000072ba00000, 0x000000072bc00000|  0%| F|  |TAMS 0x000000072ba00000| PB 0x000000072ba00000| Untracked |  0
|  76|0x000000072bc00000, 0x000000072bc00000, 0x000000072be00000|  0%| F|  |TAMS 0x000000072bc00000| PB 0x000000072bc00000| Untracked |  0
|  77|0x000000072be00000, 0x000000072be00000, 0x000000072c000000|  0%| F|  |TAMS 0x000000072be00000| PB 0x000000072be00000| Untracked |  0
|  78|0x000000072c000000, 0x000000072c000000, 0x000000072c200000|  0%| F|  |TAMS 0x000000072c000000| PB 0x000000072c000000| Untracked |  0
|  79|0x000000072c200000, 0x000000072c200000, 0x000000072c400000|  0%| F|  |TAMS 0x000000072c200000| PB 0x000000072c200000| Untracked |  0
|  80|0x000000072c400000, 0x000000072c400000, 0x000000072c600000|  0%| F|  |TAMS 0x000000072c400000| PB 0x000000072c400000| Untracked |  0
|  81|0x000000072c600000, 0x000000072c600000, 0x000000072c800000|  0%| F|  |TAMS 0x000000072c600000| PB 0x000000072c600000| Untracked |  0
|  82|0x000000072c800000, 0x000000072c800000, 0x000000072ca00000|  0%| F|  |TAMS 0x000000072c800000| PB 0x000000072c800000| Untracked |  0
|  83|0x000000072ca00000, 0x000000072ca00000, 0x000000072cc00000|  0%| F|  |TAMS 0x000000072ca00000| PB 0x000000072ca00000| Untracked |  0
|  84|0x000000072cc00000, 0x000000072cc00000, 0x000000072ce00000|  0%| F|  |TAMS 0x000000072cc00000| PB 0x000000072cc00000| Untracked |  0
|  85|0x000000072ce00000, 0x000000072ce00000, 0x000000072d000000|  0%| F|  |TAMS 0x000000072ce00000| PB 0x000000072ce00000| Untracked |  0
|  86|0x000000072d000000, 0x000000072d000000, 0x000000072d200000|  0%| F|  |TAMS 0x000000072d000000| PB 0x000000072d000000| Untracked |  0
|  87|0x000000072d200000, 0x000000072d200000, 0x000000072d400000|  0%| F|  |TAMS 0x000000072d200000| PB 0x000000072d200000| Untracked |  0
|  88|0x000000072d400000, 0x000000072d400000, 0x000000072d600000|  0%| F|  |TAMS 0x000000072d400000| PB 0x000000072d400000| Untracked |  0
|  89|0x000000072d600000, 0x000000072d600000, 0x000000072d800000|  0%| F|  |TAMS 0x000000072d600000| PB 0x000000072d600000| Untracked |  0
|  90|0x000000072d800000, 0x000000072d800000, 0x000000072da00000|  0%| F|  |TAMS 0x000000072d800000| PB 0x000000072d800000| Untracked |  0
|  91|0x000000072da00000, 0x000000072da00000, 0x000000072dc00000|  0%| F|  |TAMS 0x000000072da00000| PB 0x000000072da00000| Untracked |  0
|  92|0x000000072dc00000, 0x000000072dc00000, 0x000000072de00000|  0%| F|  |TAMS 0x000000072dc00000| PB 0x000000072dc00000| Untracked |  0
|  93|0x000000072de00000, 0x000000072de00000, 0x000000072e000000|  0%| F|  |TAMS 0x000000072de00000| PB 0x000000072de00000| Untracked |  0
|  94|0x000000072e000000, 0x000000072e000000, 0x000000072e200000|  0%| F|  |TAMS 0x000000072e000000| PB 0x000000072e000000| Untracked |  0
|  95|0x000000072e200000, 0x000000072e200000, 0x000000072e400000|  0%| F|  |TAMS 0x000000072e200000| PB 0x000000072e200000| Untracked |  0
|  96|0x000000072e400000, 0x000000072e400000, 0x000000072e600000|  0%| F|  |TAMS 0x000000072e400000| PB 0x000000072e400000| Untracked |  0
|  97|0x000000072e600000, 0x000000072e600000, 0x000000072e800000|  0%| F|  |TAMS 0x000000072e600000| PB 0x000000072e600000| Untracked |  0
|  98|0x000000072e800000, 0x000000072e800000, 0x000000072ea00000|  0%| F|  |TAMS 0x000000072e800000| PB 0x000000072e800000| Untracked |  0
|  99|0x000000072ea00000, 0x000000072ea00000, 0x000000072ec00000|  0%| F|  |TAMS 0x000000072ea00000| PB 0x000000072ea00000| Untracked |  0
| 100|0x000000072ec00000, 0x000000072ec00000, 0x000000072ee00000|  0%| F|  |TAMS 0x000000072ec00000| PB 0x000000072ec00000| Untracked |  0
| 101|0x000000072ee00000, 0x000000072ee00000, 0x000000072f000000|  0%| F|  |TAMS 0x000000072ee00000| PB 0x000000072ee00000| Untracked |  0
| 102|0x000000072f000000, 0x000000072f000000, 0x000000072f200000|  0%| F|  |TAMS 0x000000072f000000| PB 0x000000072f000000| Untracked |  0
| 103|0x000000072f200000, 0x000000072f200000, 0x000000072f400000|  0%| F|  |TAMS 0x000000072f200000| PB 0x000000072f200000| Untracked |  0
| 104|0x000000072f400000, 0x000000072f5eb8f8, 0x000000072f600000| 96%| E|  |TAMS 0x000000072f400000| PB 0x000000072f400000| Complete |  0
| 105|0x000000072f600000, 0x000000072f800000, 0x000000072f800000|100%| E|CS|TAMS 0x000000072f600000| PB 0x000000072f600000| Complete |  0
| 106|0x000000072f800000, 0x000000072fa00000, 0x000000072fa00000|100%| E|CS|TAMS 0x000000072f800000| PB 0x000000072f800000| Complete |  0
| 107|0x000000072fa00000, 0x000000072fc00000, 0x000000072fc00000|100%| E|CS|TAMS 0x000000072fa00000| PB 0x000000072fa00000| Complete |  0
| 108|0x000000072fc00000, 0x000000072fe00000, 0x000000072fe00000|100%| E|CS|TAMS 0x000000072fc00000| PB 0x000000072fc00000| Complete |  0
| 109|0x000000072fe00000, 0x0000000730000000, 0x0000000730000000|100%| E|CS|TAMS 0x000000072fe00000| PB 0x000000072fe00000| Complete |  0
| 110|0x0000000730000000, 0x0000000730200000, 0x0000000730200000|100%| E|CS|TAMS 0x0000000730000000| PB 0x0000000730000000| Complete |  0
|1773|0x00000007ffe00000, 0x00000007fff1d248, 0x0000000800000000| 55%| O|  |TAMS 0x00000007ffe00000| PB 0x00000007ffe00000| Untracked |  0

Card table byte_map: [0x000001d9de0e0000,0x000001d9de7d0000] _byte_map_base: 0x000001d9da7ce000

Marking Bits: (CMBitMap*) 0x000001d9c5c4d6c0
 Bits: [0x000001d9de7d0000, 0x000001d9e1f40000)

Polling page: 0x000001d9c53c0000

Metaspace:

Usage:
  Non-class:      6.29 MB used.
      Class:    631.22 KB used.
       Both:      6.91 MB used.

Virtual space:
  Non-class space:       64.00 MB reserved,       6.38 MB ( 10%) committed,  1 nodes.
      Class space:        1.00 GB reserved,     704.00 KB ( <1%) committed,  1 nodes.
             Both:        1.06 GB reserved,       7.06 MB ( <1%) committed. 

Chunk freelists:
   Non-Class:  8.96 MB
       Class:  15.21 MB
        Both:  24.17 MB

MaxMetaspaceSize: unlimited
CompressedClassSpaceSize: 1.00 GB
Initial GC threshold: 21.00 MB
Current GC threshold: 21.00 MB
CDS: on
 - commit_granule_bytes: 65536.
 - commit_granule_words: 8192.
 - virtual_space_node_default_size: 8388608.
 - enlarge_chunks_in_place: 1.
UseCompressedClassPointers 1, UseCompactObjectHeaders 0
Narrow klass pointer bits 32, Max shift 3
Narrow klass base: 0x000001d980000000, Narrow klass shift: 0
Encoding Range: [0x000001d980000000 - 0x000001da80000000), (4294967296 bytes)
Klass Range:    [0x000001d980000000 - 0x000001d9c1000000), (1090519040 bytes)
Klass ID Range:  [8 - 1090519033) (1090519025)


Internal statistics:

num_allocs_failed_limit: 0.
num_arena_births: 158.
num_arena_deaths: 0.
num_vsnodes_births: 2.
num_vsnodes_deaths: 0.
num_space_committed: 113.
num_space_uncommitted: 0.
num_chunks_returned_to_freelist: 0.
num_chunks_taken_from_freelist: 184.
num_chunk_merges: 0.
num_chunk_splits: 121.
num_chunks_enlarged: 67.
num_inconsistent_stats: 0.

CodeHeap 'non-profiled nmethods': size=120064Kb used=262Kb max_used=262Kb free=119801Kb
 bounds [0x000001d9d5f60000, 0x000001d9d61d0000, 0x000001d9dd4a0000]
CodeHeap 'profiled nmethods': size=120000Kb used=1203Kb max_used=1203Kb free=118796Kb
 bounds [0x000001d9ce4a0000, 0x000001d9ce710000, 0x000001d9d59d0000]
CodeHeap 'non-nmethods': size=5696Kb used=1468Kb max_used=1468Kb free=4227Kb
 bounds [0x000001d9d59d0000, 0x000001d9d5c40000, 0x000001d9d5f60000]
CodeCache: size=245760Kb, used=2933Kb, max_used=2933Kb, free=242824Kb
 total_blobs=1529, nmethods=892, adapters=542, full_count=0
Compilation: enabled, stopped_count=0, restarted_count=0

Compilation events (20 events):
Event: 0.405 Thread 0x000001d9e4b8d330 nmethod 871 0x000001d9ce5c6788 code [0x000001d9ce5c6940, 0x000001d9ce5c7458]
Event: 0.405 Thread 0x000001d9e4b8d330  875       3       java.lang.invoke.MethodHandles$Lookup::in (283 bytes)
Event: 0.406 Thread 0x000001d9e4b8d330 nmethod 875 0x000001d9ce5c7488 code [0x000001d9ce5c7820, 0x000001d9ce5c9ae8]
Event: 0.406 Thread 0x000001d9e4b8d330  876       3       java.lang.invoke.DirectMethodHandle::preparedLambdaForm (244 bytes)
Event: 0.406 Thread 0x000001d9e4b8d330 nmethod 876 0x000001d9ce5c9b88 code [0x000001d9ce5c9dc0, 0x000001d9ce5caef0]
Event: 0.406 Thread 0x000001d9e4b8d330  880       3       java.lang.invoke.DirectMethodHandle::preparedLambdaForm (6 bytes)
Event: 0.406 Thread 0x000001d9e4b8d330 nmethod 880 0x000001d9ce5caf88 code [0x000001d9ce5cb0a0, 0x000001d9ce5cb1b8]
Event: 0.406 Thread 0x000001d9e4b8d330  887       3       jdk.internal.classfile.impl.RawBytecodeHelper::next (81 bytes)
Event: 0.407 Thread 0x000001d9e4b8d330 nmethod 887 0x000001d9ce5cb288 code [0x000001d9ce5cb3e0, 0x000001d9ce5cb880]
Event: 0.407 Thread 0x000001d9e4b8d330  874       3       java.lang.invoke.ConstantCallSite::getTarget (20 bytes)
Event: 0.407 Thread 0x000001d9e4b8d330 nmethod 874 0x000001d9ce5cb908 code [0x000001d9ce5cba20, 0x000001d9ce5cbc20]
Event: 0.407 Thread 0x000001d9e4b8d330  888       3       java.lang.invoke.MethodHandleNatives::refKindIsMethod (19 bytes)
Event: 0.407 Thread 0x000001d9e4b8d330 nmethod 888 0x000001d9ce5cbc88 code [0x000001d9ce5cbda0, 0x000001d9ce5cbfb8]
Event: 0.408 Thread 0x000001d9e4b8d330  892       3       java.awt.geom.AffineTransform::equals (26 bytes)
Event: 0.408 Thread 0x000001d9e4b8d330 nmethod 892 0x000001d9ce5cc008 code [0x000001d9ce5cc140, 0x000001d9ce5cc480]
Event: 0.409 Thread 0x000001d9e4b8d330  893       3       java.nio.Buffer::flip (20 bytes)
Event: 0.409 Thread 0x000001d9e4b8d330 nmethod 893 0x000001d9ce5cc508 code [0x000001d9ce5cc620, 0x000001d9ce5cc740]
Event: 0.409 Thread 0x000001d9e4b8d330  894       3       java.nio.ByteBuffer::flip (7 bytes)
Event: 0.409 Thread 0x000001d9e4b8d330 nmethod 894 0x000001d9ce5cc808 code [0x000001d9ce5cc920, 0x000001d9ce5ccaa0]
Event: 0.409 Thread 0x000001d9e4b8d330  895       3       jdk.internal.foreign.MemorySessionImpl::checkValidStateRaw (33 bytes)

GC Heap History (0 events):
No events

Dll operation events (8 events):
Event: 0.008 Loaded shared library C:\Program Files\Java\jdk-24\bin\java.dll
Event: 0.037 Loaded shared library C:\Program Files\Java\jdk-24\bin\jsvml.dll
Event: 0.070 Loaded shared library C:\Program Files\Java\jdk-24\bin\net.dll
Event: 0.072 Loaded shared library C:\Program Files\Java\jdk-24\bin\nio.dll
Event: 0.094 Loaded shared library C:\Program Files\Java\jdk-24\bin\jimage.dll
Event: 0.102 Loaded shared library C:\Program Files\Java\jdk-24\bin\awt.dll
Event: 0.300 Loaded shared library C:\Program Files\Java\jdk-24\bin\freetype.dll
Event: 0.300 Loaded shared library C:\Program Files\Java\jdk-24\bin\fontmanager.dll

Deoptimization events (16 events):
Event: 0.206 Thread 0x000001d9c396c3b0 Uncommon trap: trap_request=0xffffff4d fr.pc=0x000001d9d5f7097c relative=0x000000000000075c
Event: 0.206 Thread 0x000001d9c396c3b0 Uncommon trap: reason=unstable_if action=reinterpret pc=0x000001d9d5f7097c method=java.util.HashMap.putVal(ILjava/lang/Object;Ljava/lang/Object;ZZ)Ljava/lang/Object; @ 236 c2
Event: 0.206 Thread 0x000001d9c396c3b0 DEOPT PACKING pc=0x000001d9d5f7097c sp=0x0000005dd48fdf20
Event: 0.206 Thread 0x000001d9c396c3b0 DEOPT UNPACKING pc=0x000001d9d5ae4c02 sp=0x0000005dd48fdea8 mode 2
Event: 0.322 Thread 0x000001d9c396c3b0 Uncommon trap: trap_request=0xffffff4d fr.pc=0x000001d9d5f89b1c relative=0x00000000000004dc
Event: 0.322 Thread 0x000001d9c396c3b0 Uncommon trap: reason=unstable_if action=reinterpret pc=0x000001d9d5f89b1c method=java.lang.StringLatin1.replace([BCC)Ljava/lang/String; @ 19 c2
Event: 0.322 Thread 0x000001d9c396c3b0 DEOPT PACKING pc=0x000001d9d5f89b1c sp=0x0000005dd48fe860
Event: 0.323 Thread 0x000001d9c396c3b0 DEOPT UNPACKING pc=0x000001d9d5ae4c02 sp=0x0000005dd48fe7e0 mode 2
Event: 0.403 Thread 0x000001d9c1baee00 Uncommon trap: trap_request=0xffffff5c fr.pc=0x000001d9d5f9abe4 relative=0x0000000000000064
Event: 0.403 Thread 0x000001d9c1baee00 Uncommon trap: reason=speculate_null_check action=make_not_entrant pc=0x000001d9d5f9abe4 method=jdk.internal.misc.Unsafe.getCharUnaligned(Ljava/lang/Object;JZ)C @ 5 c2
Event: 0.403 Thread 0x000001d9c1baee00 DEOPT PACKING pc=0x000001d9d5f9abe4 sp=0x0000005dd67fd3e0
Event: 0.403 Thread 0x000001d9c1baee00 DEOPT UNPACKING pc=0x000001d9d5ae4c02 sp=0x0000005dd67fd338 mode 2
Event: 0.406 Thread 0x000001d9c1baee00 Uncommon trap: trap_request=0xffffff4d fr.pc=0x000001d9d5f98374 relative=0x00000000000000d4
Event: 0.406 Thread 0x000001d9c1baee00 Uncommon trap: reason=unstable_if action=reinterpret pc=0x000001d9d5f98374 method=jdk.internal.classfile.impl.RawBytecodeHelper.next()Z @ 46 c2
Event: 0.406 Thread 0x000001d9c1baee00 DEOPT PACKING pc=0x000001d9d5f98374 sp=0x0000005dd67fbf70
Event: 0.406 Thread 0x000001d9c1baee00 DEOPT UNPACKING pc=0x000001d9d5ae4c02 sp=0x0000005dd67fbef8 mode 2

Classes loaded (20 events):
Event: 0.385 Loading class sun/java2d/loops/ProcessPath$EndSubPathHandler done
Event: 0.385 Loading class sun/java2d/loops/ProcessPath$1 done
Event: 0.385 Loading class sun/java2d/loops/ProcessPath$DrawProcessHandler
Event: 0.385 Loading class sun/java2d/loops/ProcessPath$ProcessHandler
Event: 0.385 Loading class sun/java2d/loops/ProcessPath$ProcessHandler done
Event: 0.385 Loading class sun/java2d/loops/ProcessPath$DrawProcessHandler done
Event: 0.385 Loading class java/awt/geom/Path2D$Float$CopyIterator
Event: 0.385 Loading class java/awt/geom/Path2D$Iterator
Event: 0.386 Loading class java/awt/geom/Path2D$Iterator done
Event: 0.386 Loading class java/awt/geom/Path2D$Float$CopyIterator done
Event: 0.398 Loading class sun/font/StandardGlyphVector
Event: 0.398 Loading class java/awt/font/GlyphVector
Event: 0.399 Loading class java/awt/font/GlyphVector done
Event: 0.399 Loading class sun/font/StandardGlyphVector done
Event: 0.399 Loading class sun/font/FontSubstitution
Event: 0.399 Loading class sun/font/FontSubstitution done
Event: 0.399 Loading class sun/font/StandardGlyphVector$GlyphStrike
Event: 0.399 Loading class sun/font/StandardGlyphVector$GlyphStrike done
Event: 0.404 Loading class jdk/internal/foreign/Utils$BaseAndScale
Event: 0.404 Loading class jdk/internal/foreign/Utils$BaseAndScale done

Classes unloaded (0 events):
No events

Classes redefined (0 events):
No events

Internal exceptions (20 events):
Event: 0.208 Thread 0x000001d9c396c3b0 Exception <a 'java/lang/NoSuchMethodError'{0x000000072fc92638}: 'void java.lang.invoke.DirectMethodHandle$Holder.invokeSpecial(java.lang.Object, java.lang.Object, java.lang.Object)'> (0x000000072fc92638) 
thrown [s\open\src\hotspot\share\interpreter\linkResolver.cpp, line 805]
Event: 0.217 Thread 0x000001d9c396c3b0 Exception <a 'java/lang/NoSuchMethodError'{0x000000072fdf7e80}: 'java.lang.Object java.lang.invoke.DirectMethodHandle$Holder.newInvokeSpecial(java.lang.Object, java.lang.Object, java.lang.Object, java.lang.Object, java.lang.Object)'> (0x000000072fdf7e80) 
thrown [s\open\src\hotspot\share\interpreter\linkResolver.cpp, line 805]
Event: 0.222 Thread 0x000001d9c396c3b0 Exception <a 'java/lang/NoSuchMethodError'{0x000000072fa60260}: 'java.lang.Object java.lang.invoke.DirectMethodHandle$Holder.invokeStatic(java.lang.Object, int, java.lang.Object)'> (0x000000072fa60260) 
thrown [s\open\src\hotspot\share\interpreter\linkResolver.cpp, line 805]
Event: 0.245 Thread 0x000001d9c396c3b0 Exception <a 'java/lang/ClassNotFoundException'{0x000000072f88eb88}: com/sun/swing/internal/plaf/metal/resources/spi/metalProvider> (0x000000072f88eb88) 
thrown [s\open\src\hotspot\share\classfile\systemDictionary.cpp, line 327]
Event: 0.246 Thread 0x000001d9c396c3b0 Exception <a 'java/lang/ClassNotFoundException'{0x000000072f8925e8}: com/sun/swing/internal/plaf/basic/resources/spi/basicProvider> (0x000000072f8925e8) 
thrown [s\open\src\hotspot\share\classfile\systemDictionary.cpp, line 327]
Event: 0.253 Thread 0x000001d9c396c3b0 Exception <a 'java/lang/NoSuchMethodError'{0x000000072f8c0118}: 'int java.lang.invoke.Invokers$Holder.invokeExact_MT(java.lang.Object, java.lang.Object)'> (0x000000072f8c0118) 
thrown [s\open\src\hotspot\share\interpreter\linkResolver.cpp, line 805]
Event: 0.284 Thread 0x000001d9c396c3b0 Exception <a 'java/lang/NoSuchMethodError'{0x000000072f610330}: 'long java.lang.invoke.DirectMethodHandle$Holder.invokeStaticInit(java.lang.Object, long, long, long, long)'> (0x000000072f610330) 
thrown [s\open\src\hotspot\share\interpreter\linkResolver.cpp, line 805]
Event: 0.285 Thread 0x000001d9c396c3b0 Exception <a 'java/lang/NoSuchMethodError'{0x000000072f618d38}: 'java.lang.Object java.lang.invoke.DirectMethodHandle$Holder.invokeInterface(java.lang.Object, java.lang.Object, long, long)'> (0x000000072f618d38) 
thrown [s\open\src\hotspot\share\interpreter\linkResolver.cpp, line 805]
Event: 0.285 Thread 0x000001d9c396c3b0 Exception <a 'java/lang/NoSuchMethodError'{0x000000072f631610}: 'void java.lang.invoke.DirectMethodHandle$Holder.invokeStaticInit(java.lang.Object, java.lang.Object, long, java.lang.Object)'> (0x000000072f631610) 
thrown [s\open\src\hotspot\share\interpreter\linkResolver.cpp, line 805]
Event: 0.286 Thread 0x000001d9c396c3b0 Exception <a 'java/lang/NoSuchMethodError'{0x000000072f63a1f8}: 'long java.lang.invoke.DirectMethodHandle$Holder.invokeStatic(java.lang.Object, long, long)'> (0x000000072f63a1f8) 
thrown [s\open\src\hotspot\share\interpreter\linkResolver.cpp, line 805]
Event: 0.288 Thread 0x000001d9c396c3b0 Exception <a 'java/lang/NoSuchMethodError'{0x000000072f663020}: 'java.lang.Object java.lang.invoke.DirectMethodHandle$Holder.newInvokeSpecial(java.lang.Object, int, java.lang.Object)'> (0x000000072f663020) 
thrown [s\open\src\hotspot\share\interpreter\linkResolver.cpp, line 805]
Event: 0.290 Thread 0x000001d9c396c3b0 Exception <a 'java/lang/NoSuchMethodError'{0x000000072f67e1f0}: 'void java.lang.invoke.DelegatingMethodHandle$Holder.reinvoke_L(java.lang.Object, java.lang.Object, java.lang.Object, java.lang.Object, long, long, int)'> (0x000000072f67e1f0) 
thrown [s\open\src\hotspot\share\interpreter\linkResolver.cpp, line 805]
Event: 0.292 Thread 0x000001d9c396c3b0 Exception <a 'java/lang/NoSuchMethodError'{0x000000072f69e3c0}: 'java.lang.Object java.lang.invoke.DirectMethodHandle$Holder.invokeStatic(java.lang.Object, java.lang.Object, java.lang.Object, java.lang.Object, java.lang.Object, long)'> (0x000000072f69e3c0) 
thrown [s\open\src\hotspot\share\interpreter\linkResolver.cpp, line 805]
Event: 0.295 Thread 0x000001d9c396c3b0 Exception <a 'java/lang/NoSuchMethodError'{0x000000072f6c2bf0}: 'void java.lang.invoke.DelegatingMethodHandle$Holder.reinvoke_L(java.lang.Object, java.lang.Object, java.lang.Object, java.lang.Object, long, long, long)'> (0x000000072f6c2bf0) 
thrown [s\open\src\hotspot\share\interpreter\linkResolver.cpp, line 805]
Event: 0.297 Thread 0x000001d9c396c3b0 Exception <a 'java/lang/NoSuchMethodError'{0x000000072f6dc280}: 'void java.lang.invoke.DirectMethodHandle$Holder.invokeStaticInit(java.lang.Object)'> (0x000000072f6dc280) 
thrown [s\open\src\hotspot\share\interpreter\linkResolver.cpp, line 805]
Event: 0.329 Thread 0x000001d9c1baee00 Exception <a 'java/lang/NoSuchMethodError'{0x000000072f91a7c8}: 'void java.lang.invoke.DelegatingMethodHandle$Holder.reinvoke_L(java.lang.Object, java.lang.Object, java.lang.Object, java.lang.Object, long, long, float)'> (0x000000072f91a7c8) 
thrown [s\open\src\hotspot\share\interpreter\linkResolver.cpp, line 805]
Event: 0.338 Thread 0x000001d9c140e6b0 Exception <a 'java/lang/NoSuchMethodError'{0x000000072fd0a110}: 'void java.lang.invoke.DirectMethodHandle$Holder.invokeVirtual(java.lang.Object, java.lang.Object)'> (0x000000072fd0a110) 
thrown [s\open\src\hotspot\share\interpreter\linkResolver.cpp, line 805]
Event: 0.359 Thread 0x000001d9c1baee00 Exception <a 'java/lang/NoSuchMethodError'{0x000000072f977a50}: 'float java.lang.invoke.DelegatingMethodHandle$Holder.reinvoke_L(java.lang.Object, java.lang.Object, java.lang.Object, java.lang.Object, long, long)'> (0x000000072f977a50) 
thrown [s\open\src\hotspot\share\interpreter\linkResolver.cpp, line 805]
Event: 0.382 Thread 0x000001d9c1baee00 Exception <a 'java/lang/NoSuchMethodError'{0x000000072f9d4020}: 'void java.lang.invoke.DelegatingMethodHandle$Holder.reinvoke_L(java.lang.Object, java.lang.Object, java.lang.Object, java.lang.Object, long, long, double)'> (0x000000072f9d4020) 
thrown [s\open\src\hotspot\share\interpreter\linkResolver.cpp, line 805]
Event: 0.402 Thread 0x000001d9c1baee00 Exception <a 'java/lang/NoSuchMethodError'{0x000000072f41d278}: 'int java.lang.invoke.DelegatingMethodHandle$Holder.reinvoke_L(java.lang.Object, java.lang.Object, java.lang.Object, java.lang.Object, long, long)'> (0x000000072f41d278) 
thrown [s\open\src\hotspot\share\interpreter\linkResolver.cpp, line 805]

VM Operations (6 events):
Event: 0.075 Executing VM operation: HandshakeAllThreads (Deoptimize)
Event: 0.075 Executing VM operation: HandshakeAllThreads (Deoptimize) done
Event: 0.257 Executing VM operation: HandshakeAllThreads (Deoptimize)
Event: 0.257 Executing VM operation: HandshakeAllThreads (Deoptimize) done
Event: 0.407 Executing VM operation: HandshakeAllThreads (Deoptimize)
Event: 0.407 Executing VM operation: HandshakeAllThreads (Deoptimize) done

Memory protections (0 events):
No events

Nmethod flushes (0 events):
No events

Events (18 events):
Event: 0.025 Thread 0x000001d9c396c3b0 Thread added: 0x000001d9c396c3b0
Event: 0.035 Thread 0x000001d9c396c3b0 Thread added: 0x000001d9e4b7dc60
Event: 0.035 Thread 0x000001d9c396c3b0 Thread added: 0x000001d9e4b7e860
Event: 0.036 Thread 0x000001d9c396c3b0 Thread added: 0x000001d9e4b84b80
Event: 0.036 Thread 0x000001d9c396c3b0 Thread added: 0x000001d9e4b876c0
Event: 0.036 Thread 0x000001d9c396c3b0 Thread added: 0x000001d9e4b88990
Event: 0.036 Thread 0x000001d9c396c3b0 Thread added: 0x000001d9e4b8f170
Event: 0.036 Thread 0x000001d9c396c3b0 Thread added: 0x000001d9e4baffe0
Event: 0.036 Thread 0x000001d9c396c3b0 Thread added: 0x000001d9e4b8d330
Event: 0.065 Thread 0x000001d9c396c3b0 Thread added: 0x000001d9c10d9160
Event: 0.085 Thread 0x000001d9c396c3b0 Thread added: 0x000001d9c11f95a0
Event: 0.138 Thread 0x000001d9c396c3b0 Thread added: 0x000001d9c1971ea0
Event: 0.139 Thread 0x000001d9c396c3b0 Thread added: 0x000001d9c1995060
Event: 0.139 Thread 0x000001d9c396c3b0 Thread added: 0x000001d9c140e6b0
Event: 0.265 Thread 0x000001d9c396c3b0 Thread added: 0x000001d9c1baee00
Event: 0.331 Thread 0x000001d9c1baee00 Thread added: 0x000001d9c1c41640
Event: 0.341 Thread 0x000001d9c396c3b0 Thread exited: 0x000001d9c396c3b0
Event: 0.341 Thread 0x000001d9c1c424e0 Thread added: 0x000001d9c1c424e0


Dynamic libraries:
0x00007ff6d0290000 - 0x00007ff6d02a0000 	C:\Program Files\Java\jdk-24\bin\java.exe
0x00007ffd71250000 - 0x00007ffd71448000 	C:\Windows\SYSTEM32\ntdll.dll
0x00007ffd6fb50000 - 0x00007ffd6fc12000 	C:\Windows\System32\KERNEL32.DLL
0x00007ffd6ea00000 - 0x00007ffd6ecfe000 	C:\Windows\System32\KERNELBASE.dll
0x00007ffd6ede0000 - 0x00007ffd6eee0000 	C:\Windows\System32\ucrtbase.dll
0x00007ffd5b4e0000 - 0x00007ffd5b4f6000 	C:\Program Files\Java\jdk-24\bin\jli.dll
0x00007ffd563a0000 - 0x00007ffd563bb000 	C:\Program Files\Java\jdk-24\bin\VCRUNTIME140.dll
0x00007ffd708a0000 - 0x00007ffd70a3d000 	C:\Windows\System32\USER32.dll
0x00007ffd6eee0000 - 0x00007ffd6ef02000 	C:\Windows\System32\win32u.dll
0x00007ffd5c300000 - 0x00007ffd5c59a000 	C:\Windows\WinSxS\amd64_microsoft.windows.common-controls_6595b64144ccf1df_6.0.19041.4355_none_60b8b9eb71f62e16\COMCTL32.dll
0x00007ffd6f600000 - 0x00007ffd6f62b000 	C:\Windows\System32\GDI32.dll
0x00007ffd6fda0000 - 0x00007ffd6fe3e000 	C:\Windows\System32\msvcrt.dll
0x00007ffd6f150000 - 0x00007ffd6f267000 	C:\Windows\System32\gdi32full.dll
0x00007ffd6e8f0000 - 0x00007ffd6e98d000 	C:\Windows\System32\msvcp_win.dll
0x00007ffd6f520000 - 0x00007ffd6f54f000 	C:\Windows\System32\IMM32.DLL
0x00007ffd6ac50000 - 0x00007ffd6ac5c000 	C:\Program Files\Java\jdk-24\bin\vcruntime140_1.dll
0x00007ffd014e0000 - 0x00007ffd0156e000 	C:\Program Files\Java\jdk-24\bin\msvcp140.dll
0x00007ffcfe4a0000 - 0x00007ffcff241000 	C:\Program Files\Java\jdk-24\bin\server\jvm.dll
0x00007ffd6f270000 - 0x00007ffd6f321000 	C:\Windows\System32\ADVAPI32.dll
0x00007ffd6f7d0000 - 0x00007ffd6f86f000 	C:\Windows\System32\sechost.dll
0x00007ffd6f980000 - 0x00007ffd6faa3000 	C:\Windows\System32\RPCRT4.dll
0x00007ffd6ed00000 - 0x00007ffd6ed27000 	C:\Windows\System32\bcrypt.dll
0x00007ffd6fae0000 - 0x00007ffd6fb4b000 	C:\Windows\System32\WS2_32.dll
0x00007ffd6e750000 - 0x00007ffd6e79b000 	C:\Windows\SYSTEM32\POWRPROF.dll
0x00007ffd64b70000 - 0x00007ffd64b97000 	C:\Windows\SYSTEM32\WINMM.dll
0x00007ffd67f50000 - 0x00007ffd67f5a000 	C:\Windows\SYSTEM32\VERSION.dll
0x00007ffd6e730000 - 0x00007ffd6e742000 	C:\Windows\SYSTEM32\UMPDC.dll
0x00007ffd6c790000 - 0x00007ffd6c7a2000 	C:\Windows\SYSTEM32\kernel.appcore.dll
0x00007ffd68200000 - 0x00007ffd6820a000 	C:\Program Files\Java\jdk-24\bin\jimage.dll
0x00007ffd685c0000 - 0x00007ffd687a4000 	C:\Windows\SYSTEM32\DBGHELP.DLL
0x00007ffd588c0000 - 0x00007ffd588f4000 	C:\Windows\SYSTEM32\dbgcore.DLL
0x00007ffd6f0c0000 - 0x00007ffd6f142000 	C:\Windows\System32\bcryptPrimitives.dll
0x00007ffd51c60000 - 0x00007ffd51c7e000 	C:\Program Files\Java\jdk-24\bin\java.dll
0x00007ffd6f690000 - 0x00007ffd6f7bb000 	C:\Windows\System32\ole32.dll
0x00007ffd6fe40000 - 0x00007ffd70193000 	C:\Windows\System32\combase.dll
0x00007ffd70aa0000 - 0x00007ffd7120d000 	C:\Windows\System32\SHELL32.dll
0x00007ffd6c990000 - 0x00007ffd6d134000 	C:\Windows\SYSTEM32\windows.storage.dll
0x00007ffd6e250000 - 0x00007ffd6e27e000 	C:\Windows\SYSTEM32\Wldp.dll
0x00007ffd6fc20000 - 0x00007ffd6fced000 	C:\Windows\System32\OLEAUT32.dll
0x00007ffd6fcf0000 - 0x00007ffd6fd9d000 	C:\Windows\System32\SHCORE.dll
0x00007ffd6f4c0000 - 0x00007ffd6f515000 	C:\Windows\System32\shlwapi.dll
0x00007ffd6e820000 - 0x00007ffd6e844000 	C:\Windows\SYSTEM32\profapi.dll
0x00007ffd016f0000 - 0x00007ffd017c7000 	C:\Program Files\Java\jdk-24\bin\jsvml.dll
0x00007ffd60480000 - 0x00007ffd60490000 	C:\Program Files\Java\jdk-24\bin\net.dll
0x00007ffd6dfb0000 - 0x00007ffd6e01a000 	C:\Windows\system32\mswsock.dll
0x00007ffd51a70000 - 0x00007ffd51a86000 	C:\Program Files\Java\jdk-24\bin\nio.dll
0x00007ffd01570000 - 0x00007ffd016ef000 	C:\Program Files\Java\jdk-24\bin\awt.dll
0x00007ffd6ae60000 - 0x00007ffd6aef4000 	C:\Windows\SYSTEM32\apphelp.dll
0x00007ffd6c490000 - 0x00007ffd6c4bf000 	C:\Windows\system32\DWMAPI.DLL
0x00007ffd6c2a0000 - 0x00007ffd6c33e000 	C:\Windows\system32\uxtheme.dll
0x00007ffd187b0000 - 0x00007ffd188d8000 	C:\Windows\system32\opengl32.dll
0x00007ffd2a540000 - 0x00007ffd2a56c000 	C:\Windows\SYSTEM32\GLU32.dll
0x00007ffd6f390000 - 0x00007ffd6f4a5000 	C:\Windows\System32\MSCTF.dll
0x00007ffd47ba0000 - 0x00007ffd47d71000 	C:\Windows\system32\d3d9.dll
0x00007ffd64ba0000 - 0x00007ffd64d5b000 	C:\Windows\System32\DriverStore\FileRepository\u0407052.inf_amd64_84d15514ad17ffa0\B406619\aticfx64.dll
0x00007ffd5b4a0000 - 0x00007ffd5b4d4000 	C:\Windows\System32\DriverStore\FileRepository\u0407052.inf_amd64_84d15514ad17ffa0\B406619\atiu9p64.dll
0x00007ffcfd5d0000 - 0x00007ffcfe317000 	C:\Windows\System32\DriverStore\FileRepository\u0407052.inf_amd64_84d15514ad17ffa0\B406619\atiumd64.dll
0x000000006ae90000 - 0x000000006bda3000 	C:\Windows\System32\DriverStore\FileRepository\u0407052.inf_amd64_84d15514ad17ffa0\B406619\atiumd6a.dll
0x00007ffd70350000 - 0x00007ffd707be000 	C:\Windows\System32\SETUPAPI.dll
0x00007ffd6ef10000 - 0x00007ffd6ef5e000 	C:\Windows\System32\cfgmgr32.dll
0x00007ffd61680000 - 0x00007ffd616b5000 	C:\Windows\SYSTEM32\amdihk64.dll
0x00007ffd65410000 - 0x00007ffd6544b000 	C:\Windows\SYSTEM32\dxcore.dll
0x00007ffcfe410000 - 0x00007ffcfe497000 	C:\Program Files\Java\jdk-24\bin\freetype.dll
0x00007ffcfe320000 - 0x00007ffcfe407000 	C:\Program Files\Java\jdk-24\bin\fontmanager.dll
0x00007ffd65190000 - 0x00007ffd65289000 	C:\Windows\SYSTEM32\textinputframework.dll
0x00007ffd6a980000 - 0x00007ffd6aa72000 	C:\Windows\System32\CoreMessaging.dll
0x00007ffd6a620000 - 0x00007ffd6a97b000 	C:\Windows\System32\CoreUIComponents.dll
0x00007ffd6db20000 - 0x00007ffd6db53000 	C:\Windows\SYSTEM32\ntmarta.dll
0x00007ffd6b1c0000 - 0x00007ffd6b317000 	C:\Windows\SYSTEM32\wintypes.dll

JVMTI agents: none

dbghelp: loaded successfully - version: 4.0.5 - missing functions: none
symbol engine: initialized successfully - sym options: 0x614 - pdb path: .;C:\Program Files\Java\jdk-24\bin;C:\Windows\SYSTEM32;C:\Windows\WinSxS\amd64_microsoft.windows.common-controls_6595b64144ccf1df_6.0.19041.4355_none_60b8b9eb71f62e16;C:\Program Files\Java\jdk-24\bin\server;C:\Windows\System32\DriverStore\FileRepository\u0407052.inf_amd64_84d15514ad17ffa0\B406619

VM Arguments:
jvm_args: -Dfile.encoding=UTF-8 --module-path=C:\Users\Administrator\Documents\NetBeansProjects\RiddleMeThis\build\classes 
java_command: oop.Quiz
java_class_path (initial): C:\Users\Administrator\Documents\NetBeansProjects\RiddleMeThis\build\classes
Launcher Type: SUN_STANDARD

[Global flags]
     intx CICompilerCount                          = 4                                         {product} {ergonomic}
     uint ConcGCThreads                            = 3                                         {product} {ergonomic}
     uint G1ConcRefinementThreads                  = 10                                        {product} {ergonomic}
   size_t G1HeapRegionSize                         = 2097152                                   {product} {ergonomic}
   size_t InitialHeapSize                          = 232783872                                 {product} {ergonomic}
   size_t MarkStackSize                            = 4194304                                   {product} {ergonomic}
   size_t MarkStackSizeMax                         = 536870912                                 {product} {ergonomic}
   size_t MaxHeapSize                              = 3720347648                                {product} {ergonomic}
   size_t MaxNewSize                               = 2231369728                                {product} {ergonomic}
   size_t MinHeapDeltaBytes                        = 2097152                                   {product} {ergonomic}
   size_t MinHeapSize                              = 8388608                                   {product} {ergonomic}
    uintx NonNMethodCodeHeapSize                   = 5832704                                {pd product} {ergonomic}
    uintx NonProfiledCodeHeapSize                  = 122945536                              {pd product} {ergonomic}
    uintx ProfiledCodeHeapSize                     = 122880000                              {pd product} {ergonomic}
    uintx ReservedCodeCacheSize                    = 251658240                              {pd product} {ergonomic}
     bool SegmentedCodeCache                       = true                                      {product} {ergonomic}
   size_t SoftMaxHeapSize                          = 3720347648                             {manageable} {ergonomic}
     bool UseCompressedOops                        = true                           {product lp64_product} {ergonomic}
     bool UseG1GC                                  = true                                      {product} {ergonomic}
     bool UseLargePagesIndividualAllocation        = false                                  {pd product} {ergonomic}

Logging:
Log output configuration:
 #0: stdout all=warning uptime,level,tags foldmultilines=false
 #1: stderr all=off uptime,level,tags foldmultilines=false

Environment Variables:
JAVA_HOME=C:\Program Files\Java\jdk-24
PATH=C:\Program Files\Common Files\Oracle\Java\javapath;C:\Program Files (x86)\Common Files\Oracle\Java\java8path;C:\Program Files (x86)\Common Files\Oracle\Java\javapath;C:\Windows\system32;C:\Windows;C:\Windows\System32\Wbem;C:\Windows\System32\WindowsPowerShell\v1.0\;C:\Windows\System32\OpenSSH\;C:\Program Files\Java\jdk-24\bin;C:\Program Files\Git\cmd;C:\Users\Administrator\AppData\Local\Microsoft\WindowsApps;C:\Users\Administrator\AppData\Local\Programs\Microsoft VS Code\bin
USERNAME=Administrator
OS=Windows_NT
PROCESSOR_IDENTIFIER=AMD64 Family 25 Model 80 Stepping 0, AuthenticAMD
TMP=C:\Users\ADMINI~1\AppData\Local\Temp
TEMP=C:\Users\ADMINI~1\AppData\Local\Temp




Periodic native trim disabled

---------------  S Y S T E M  ---------------

OS:
 Windows 10 , 64 bit Build 19041 (10.0.19041.5198)
OS uptime: 0 days 1:01 hours

CPU: total 12 (initial active 12) (12 cores per cpu, 2 threads per core) family 25 model 80 stepping 0 microcode 0x0, cx8, cmov, fxsr, ht, mmx, 3dnowpref, sse, sse2, sse3, ssse3, sse4a, sse4.1, sse4.2, popcnt, lzcnt, tsc, tscinvbit, avx, avx2, aes, erms, clmul, bmi1, bmi2, adx, sha, fma, vzeroupper, clflush, clflushopt, rdtscp, rdpid, fsrm, f16c, pku, cet_ss
Processor Information for the first 12 processors :
  Max Mhz: 3901, Current Mhz: 3901, Mhz Limit: 3901

Memory: 4k page, system-wide physical 14186M (3721M free)
TotalPageFile size 29280M (AvailPageFile size 11M)
current process WorkingSet (physical memory assigned to process): 88M, peak: 88M
current process commit charge ("private bytes"): 356M, peak: 357M

vm_info: Java HotSpot(TM) 64-Bit Server VM (24.0.2+12-54) for windows-amd64 JRE (24.0.2+12-54), built on 2025-07-08T12:10:27Z with MS VC++ 17.6 (VS2022)

END.
